[0m19:42:29.123918 [debug] [MainThread]: Sending event: {'category': 'dbt', 'action': 'invocation', 'label': 'start', 'context': [<snowplow_tracker.self_describing_json.SelfDescribingJson object at 0x000002727CC33BB0>, <snowplow_tracker.self_describing_json.SelfDescribingJson object at 0x000002727DFAC4F0>, <snowplow_tracker.self_describing_json.SelfDescribingJson object at 0x000002727DFAC2E0>]}


============================== 19:42:29.130925 | c45f9a03-489b-4c81-935e-06f9a949a64a ==============================
[0m19:42:29.130925 [info ] [MainThread]: Running with dbt=1.11.8
[0m19:42:29.132613 [debug] [MainThread]: running dbt with arguments {'static_parser': 'True', 'no_print': 'None', 'version_check': 'True', 'warn_error_options': 'WarnErrorOptionsV2(error=[], warn=[], silence=[])', 'target_path': 'None', 'printer_width': '80', 'write_json': 'True', 'introspect': 'True', 'log_cache_events': 'False', 'empty': 'None', 'cache_selected_only': 'False', 'log_format': 'default', 'debug': 'False', 'fail_fast': 'False', 'profiles_dir': 'C:\\Users\\Ravi\\.dbt', 'send_anonymous_usage_stats': 'True', 'quiet': 'False', 'warn_error': 'None', 'partial_parse': 'True', 'use_colors': 'True', 'invocation_command': 'dbt init dbt_project', 'indirect_selection': 'eager', 'use_experimental_parser': 'False', 'log_path': 'logs'}
[0m19:42:29.447548 [info ] [MainThread]: Creating dbt configuration folder at C:\Users\Ravi\.dbt
[0m19:42:29.450514 [info ] [MainThread]: A project called dbt_project already exists here.
[0m19:42:29.452735 [debug] [MainThread]: Command `dbt init` succeeded at 19:42:29.452735 after 0.56 seconds
[0m19:42:29.453735 [debug] [MainThread]: Sending event: {'category': 'dbt', 'action': 'invocation', 'label': 'end', 'context': [<snowplow_tracker.self_describing_json.SelfDescribingJson object at 0x000002727CC33BB0>, <snowplow_tracker.self_describing_json.SelfDescribingJson object at 0x000002727DFAC4F0>, <snowplow_tracker.self_describing_json.SelfDescribingJson object at 0x000002727DFACB50>]}
[0m19:42:29.454735 [debug] [MainThread]: Flushing usage events
[0m19:42:29.905766 [debug] [MainThread]: An error was encountered while trying to flush usage events
[0m19:47:25.392013 [debug] [MainThread]: Sending event: {'category': 'dbt', 'action': 'invocation', 'label': 'start', 'context': [<snowplow_tracker.self_describing_json.SelfDescribingJson object at 0x00000228116A7BB0>, <snowplow_tracker.self_describing_json.SelfDescribingJson object at 0x0000022812A1C520>, <snowplow_tracker.self_describing_json.SelfDescribingJson object at 0x0000022812A1C2B0>]}


============================== 19:47:25.397052 | 04fa3ba2-989c-4ae0-ae66-e4f4d103b931 ==============================
[0m19:47:25.397052 [info ] [MainThread]: Running with dbt=1.11.8
[0m19:47:25.398022 [debug] [MainThread]: running dbt with arguments {'version_check': 'True', 'no_print': 'None', 'static_parser': 'True', 'warn_error_options': 'WarnErrorOptionsV2(error=[], warn=[], silence=[])', 'target_path': 'None', 'printer_width': '80', 'write_json': 'True', 'empty': 'None', 'log_cache_events': 'False', 'introspect': 'True', 'cache_selected_only': 'False', 'log_format': 'default', 'debug': 'False', 'fail_fast': 'False', 'profiles_dir': 'C:\\Users\\Ravi\\.dbt', 'send_anonymous_usage_stats': 'True', 'quiet': 'False', 'warn_error': 'None', 'partial_parse': 'True', 'use_colors': 'True', 'indirect_selection': 'eager', 'invocation_command': 'dbt init dbt_demo_project', 'use_experimental_parser': 'False', 'log_path': 'logs'}
[0m19:47:25.431022 [debug] [MainThread]: Starter project path: d:\Demo\ducks-etl-pipeline\.venv\lib\site-packages\dbt\include\starter_project
[0m19:47:25.454254 [info ] [MainThread]: 
Your new dbt project "dbt_demo_project" was created!

For more information on how to configure the profiles.yml file,
please consult the dbt documentation here:

  https://docs.getdbt.com/docs/configure-your-profile

One more thing:

Need help? Don't hesitate to reach out to us via GitHub issues or on Slack:

  https://community.getdbt.com/

Happy modeling!

[0m19:47:25.455257 [info ] [MainThread]: Setting up your profile.
[0m19:52:19.103307 [info ] [MainThread]: Profile dbt_demo_project written to C:\Users\Ravi\.dbt\profiles.yml using target's profile_template.yml and your supplied values. Run 'dbt debug' to validate the connection.
[0m19:52:19.107345 [debug] [MainThread]: Command `dbt init` succeeded at 19:52:19.107345 after 293.89 seconds
[0m19:52:19.109303 [debug] [MainThread]: Sending event: {'category': 'dbt', 'action': 'invocation', 'label': 'end', 'context': [<snowplow_tracker.self_describing_json.SelfDescribingJson object at 0x00000228116A7BB0>, <snowplow_tracker.self_describing_json.SelfDescribingJson object at 0x0000022812A1BA90>, <snowplow_tracker.self_describing_json.SelfDescribingJson object at 0x0000022812A1C2E0>]}
[0m19:52:19.110307 [debug] [MainThread]: Flushing usage events
[0m19:52:19.566746 [debug] [MainThread]: An error was encountered while trying to flush usage events
[0m19:54:11.238183 [debug] [MainThread]: Sending event: {'category': 'dbt', 'action': 'invocation', 'label': 'start', 'context': [<snowplow_tracker.self_describing_json.SelfDescribingJson object at 0x0000016BE8333B50>, <snowplow_tracker.self_describing_json.SelfDescribingJson object at 0x0000016BE96B17B0>, <snowplow_tracker.self_describing_json.SelfDescribingJson object at 0x0000016BE96B1540>]}


============================== 19:54:11.242221 | 1c9fbebf-1ae0-402e-8106-baca98d5ecd2 ==============================
[0m19:54:11.242221 [info ] [MainThread]: Running with dbt=1.11.8
[0m19:54:11.244187 [debug] [MainThread]: running dbt with arguments {'version_check': 'True', 'no_print': 'None', 'static_parser': 'True', 'warn_error_options': 'WarnErrorOptionsV2(error=[], warn=[], silence=[])', 'target_path': 'None', 'printer_width': '80', 'write_json': 'True', 'introspect': 'True', 'log_cache_events': 'False', 'empty': 'None', 'cache_selected_only': 'False', 'log_format': 'default', 'debug': 'False', 'fail_fast': 'False', 'profiles_dir': 'C:\\Users\\Ravi\\.dbt', 'send_anonymous_usage_stats': 'True', 'quiet': 'False', 'warn_error': 'None', 'partial_parse': 'True', 'use_colors': 'True', 'indirect_selection': 'eager', 'invocation_command': 'dbt debug', 'use_experimental_parser': 'False', 'log_path': 'logs'}
[0m19:54:11.286213 [info ] [MainThread]: dbt version: 1.11.8
[0m19:54:11.287215 [info ] [MainThread]: python version: 3.10.2
[0m19:54:11.288175 [info ] [MainThread]: python path: d:\Demo\ducks-etl-pipeline\.venv\Scripts\python.exe
[0m19:54:11.289206 [info ] [MainThread]: os info: Windows-10-10.0.26200-SP0
[0m19:54:12.565339 [info ] [MainThread]: Using profiles dir at C:\Users\Ravi\.dbt
[0m19:54:12.566307 [info ] [MainThread]: Using profiles.yml file at C:\Users\Ravi\.dbt\profiles.yml
[0m19:54:12.567301 [info ] [MainThread]: Using dbt_project.yml file at D:\Demo\ducks-etl-pipeline\dbt_project.yml
[0m19:54:12.568301 [info ] [MainThread]: adapter type: bigquery
[0m19:54:12.568301 [info ] [MainThread]: adapter version: 1.11.1
[0m19:54:12.569592 [info ] [MainThread]: Configuration:
[0m19:54:12.570601 [info ] [MainThread]:   profiles.yml file [[32mOK found and valid[0m]
[0m19:54:12.571598 [info ] [MainThread]:   dbt_project.yml file [[31mERROR not found[0m]
[0m19:54:12.572601 [info ] [MainThread]: Required dependencies:
[0m19:54:12.573597 [debug] [MainThread]: Executing "git --help"
[0m19:54:12.667506 [debug] [MainThread]: STDOUT: "b"usage: git [--version] [--help] [-C <path>] [-c <name>=<value>]\n           [--exec-path[=<path>]] [--html-path] [--man-path] [--info-path]\n           [-p | --paginate | -P | --no-pager] [--no-replace-objects] [--bare]\n           [--git-dir=<path>] [--work-tree=<path>] [--namespace=<name>]\n           [--super-prefix=<path>] [--config-env=<name>=<envvar>]\n           <command> [<args>]\n\nThese are common Git commands used in various situations:\n\nstart a working area (see also: git help tutorial)\n   clone     Clone a repository into a new directory\n   init      Create an empty Git repository or reinitialize an existing one\n\nwork on the current change (see also: git help everyday)\n   add       Add file contents to the index\n   mv        Move or rename a file, a directory, or a symlink\n   restore   Restore working tree files\n   rm        Remove files from the working tree and from the index\n\nexamine the history and state (see also: git help revisions)\n   bisect    Use binary search to find the commit that introduced a bug\n   diff      Show changes between commits, commit and working tree, etc\n   grep      Print lines matching a pattern\n   log       Show commit logs\n   show      Show various types of objects\n   status    Show the working tree status\n\ngrow, mark and tweak your common history\n   branch    List, create, or delete branches\n   commit    Record changes to the repository\n   merge     Join two or more development histories together\n   rebase    Reapply commits on top of another base tip\n   reset     Reset current HEAD to the specified state\n   switch    Switch branches\n   tag       Create, list, delete or verify a tag object signed with GPG\n\ncollaborate (see also: git help workflows)\n   fetch     Download objects and refs from another repository\n   pull      Fetch from and integrate with another repository or a local branch\n   push      Update remote refs along with associated objects\n\n'git help -a' and 'git help -g' list available subcommands and some\nconcept guides. See 'git help <command>' or 'git help <concept>'\nto read about a specific subcommand or concept.\nSee 'git help git' for an overview of the system.\n""
[0m19:54:12.668539 [debug] [MainThread]: STDERR: "b''"
[0m19:54:12.669565 [info ] [MainThread]:  - git [[32mOK found[0m]

[0m19:54:12.670504 [info ] [MainThread]: Connection:
[0m19:54:12.671541 [info ] [MainThread]:   method: service-account
[0m19:54:12.672508 [info ] [MainThread]:   database: ducks-etl-project
[0m19:54:12.672508 [info ] [MainThread]:   execution_project: ducks-etl-project
[0m19:54:12.673532 [info ] [MainThread]:   schema: ducks_dataset
[0m19:54:12.674504 [info ] [MainThread]:   location: EU
[0m19:54:12.675501 [info ] [MainThread]:   priority: interactive
[0m19:54:12.676503 [info ] [MainThread]:   maximum_bytes_billed: None
[0m19:54:12.677544 [info ] [MainThread]:   impersonate_service_account: None
[0m19:54:12.678532 [info ] [MainThread]:   job_retry_deadline_seconds: None
[0m19:54:12.679502 [info ] [MainThread]:   job_retries: 1
[0m19:54:12.680505 [info ] [MainThread]:   job_creation_timeout_seconds: None
[0m19:54:12.681503 [info ] [MainThread]:   job_execution_timeout_seconds: 300
[0m19:54:12.684539 [info ] [MainThread]:   timeout_seconds: 300
[0m19:54:12.685550 [info ] [MainThread]:   client_id: None
[0m19:54:12.687507 [info ] [MainThread]:   token_uri: None
[0m19:54:12.688506 [info ] [MainThread]:   compute_region: None
[0m19:54:12.690504 [info ] [MainThread]:   dataproc_cluster_name: None
[0m19:54:12.691502 [info ] [MainThread]:   gcs_bucket: None
[0m19:54:12.691502 [info ] [MainThread]:   dataproc_batch: None
[0m19:54:12.693504 [info ] [MainThread]: Registered adapter: bigquery=1.11.1
[0m19:54:13.565522 [debug] [MainThread]: Acquiring new bigquery connection 'debug'
[0m19:54:13.566522 [debug] [MainThread]: On debug: select 1 as id
[0m19:54:13.567522 [debug] [MainThread]: Opening a new connection, currently in state init
[0m19:54:15.988802 [debug] [MainThread]: BigQuery adapter: https://console.cloud.google.com/bigquery?project=ducks-etl-project&j=bq:EU:5c3abcbe-ceb7-4afa-8827-fcca24390f2a&page=queryresults
[0m19:54:16.175444 [debug] [MainThread]: SQL status: OK in 0.184 seconds
[0m19:54:16.565902 [info ] [MainThread]:   Connection test: [[32mOK connection ok[0m]

[0m19:54:16.566900 [info ] [MainThread]: [31m1 check failed:[0m
[0m19:54:16.568069 [info ] [MainThread]: Project loading failed for the following reason:
 project path <D:\Demo\ducks-etl-pipeline\dbt_project.yml> not found

[0m19:54:16.570081 [debug] [MainThread]: Command `dbt debug` failed at 19:54:16.570081 after 5.51 seconds
[0m19:54:16.570081 [debug] [MainThread]: Connection 'debug' was properly closed.
[0m19:54:16.571082 [debug] [MainThread]: Sending event: {'category': 'dbt', 'action': 'invocation', 'label': 'end', 'context': [<snowplow_tracker.self_describing_json.SelfDescribingJson object at 0x0000016BE8333B50>, <snowplow_tracker.self_describing_json.SelfDescribingJson object at 0x0000016BFA7DA350>, <snowplow_tracker.self_describing_json.SelfDescribingJson object at 0x0000016BFA7DAEF0>]}
[0m19:54:16.572081 [debug] [MainThread]: Flushing usage events
[0m19:54:16.997198 [debug] [MainThread]: An error was encountered while trying to flush usage events
