[0m19:56:17.225716 [debug] [MainThread]: Sending event: {'category': 'dbt', 'action': 'invocation', 'label': 'start', 'context': [<snowplow_tracker.self_describing_json.SelfDescribingJson object at 0x00000232BD733B20>, <snowplow_tracker.self_describing_json.SelfDescribingJson object at 0x00000232BEAA8790>, <snowplow_tracker.self_describing_json.SelfDescribingJson object at 0x00000232BEAA85B0>]}


============================== 19:56:17.229721 | d453391b-a589-40f3-9098-4f5e43af4bda ==============================
[0m19:56:17.229721 [info ] [MainThread]: Running with dbt=1.11.8
[0m19:56:17.231723 [debug] [MainThread]: running dbt with arguments {'version_check': 'True', 'no_print': 'None', 'static_parser': 'True', 'target_path': 'None', 'warn_error_options': 'WarnErrorOptionsV2(error=[], warn=[], silence=[])', 'printer_width': '80', 'write_json': 'True', 'introspect': 'True', 'log_cache_events': 'False', 'empty': 'None', 'cache_selected_only': 'False', 'log_format': 'default', 'debug': 'False', 'fail_fast': 'False', 'partial_parse': 'True', 'send_anonymous_usage_stats': 'True', 'quiet': 'False', 'warn_error': 'None', 'profiles_dir': 'C:\\Users\\Ravi\\.dbt', 'invocation_command': 'dbt debug', 'use_colors': 'True', 'indirect_selection': 'eager', 'use_experimental_parser': 'False', 'log_path': 'D:\\Demo\\ducks-etl-pipeline\\dbt_demo_project\\logs'}
[0m19:56:17.253730 [info ] [MainThread]: dbt version: 1.11.8
[0m19:56:17.254727 [info ] [MainThread]: python version: 3.10.2
[0m19:56:17.255729 [info ] [MainThread]: python path: d:\Demo\ducks-etl-pipeline\.venv\Scripts\python.exe
[0m19:56:17.256728 [info ] [MainThread]: os info: Windows-10-10.0.26200-SP0
[0m19:56:18.731812 [info ] [MainThread]: Using profiles dir at C:\Users\Ravi\.dbt
[0m19:56:18.732269 [info ] [MainThread]: Using profiles.yml file at C:\Users\Ravi\.dbt\profiles.yml
[0m19:56:18.733275 [info ] [MainThread]: Using dbt_project.yml file at D:\Demo\ducks-etl-pipeline\dbt_demo_project\dbt_project.yml
[0m19:56:18.734278 [info ] [MainThread]: adapter type: bigquery
[0m19:56:18.735282 [info ] [MainThread]: adapter version: 1.11.1
[0m19:56:18.917350 [info ] [MainThread]: Configuration:
[0m19:56:18.919347 [info ] [MainThread]:   profiles.yml file [[32mOK found and valid[0m]
[0m19:56:18.920347 [info ] [MainThread]:   dbt_project.yml file [[32mOK found and valid[0m]
[0m19:56:18.921352 [info ] [MainThread]: Required dependencies:
[0m19:56:18.922351 [debug] [MainThread]: Executing "git --help"
[0m19:56:19.070412 [debug] [MainThread]: STDOUT: "b"usage: git [--version] [--help] [-C <path>] [-c <name>=<value>]\n           [--exec-path[=<path>]] [--html-path] [--man-path] [--info-path]\n           [-p | --paginate | -P | --no-pager] [--no-replace-objects] [--bare]\n           [--git-dir=<path>] [--work-tree=<path>] [--namespace=<name>]\n           [--super-prefix=<path>] [--config-env=<name>=<envvar>]\n           <command> [<args>]\n\nThese are common Git commands used in various situations:\n\nstart a working area (see also: git help tutorial)\n   clone     Clone a repository into a new directory\n   init      Create an empty Git repository or reinitialize an existing one\n\nwork on the current change (see also: git help everyday)\n   add       Add file contents to the index\n   mv        Move or rename a file, a directory, or a symlink\n   restore   Restore working tree files\n   rm        Remove files from the working tree and from the index\n\nexamine the history and state (see also: git help revisions)\n   bisect    Use binary search to find the commit that introduced a bug\n   diff      Show changes between commits, commit and working tree, etc\n   grep      Print lines matching a pattern\n   log       Show commit logs\n   show      Show various types of objects\n   status    Show the working tree status\n\ngrow, mark and tweak your common history\n   branch    List, create, or delete branches\n   commit    Record changes to the repository\n   merge     Join two or more development histories together\n   rebase    Reapply commits on top of another base tip\n   reset     Reset current HEAD to the specified state\n   switch    Switch branches\n   tag       Create, list, delete or verify a tag object signed with GPG\n\ncollaborate (see also: git help workflows)\n   fetch     Download objects and refs from another repository\n   pull      Fetch from and integrate with another repository or a local branch\n   push      Update remote refs along with associated objects\n\n'git help -a' and 'git help -g' list available subcommands and some\nconcept guides. See 'git help <command>' or 'git help <concept>'\nto read about a specific subcommand or concept.\nSee 'git help git' for an overview of the system.\n""
[0m19:56:19.071412 [debug] [MainThread]: STDERR: "b''"
[0m19:56:19.072411 [info ] [MainThread]:  - git [[32mOK found[0m]

[0m19:56:19.073412 [info ] [MainThread]: Connection:
[0m19:56:19.074407 [info ] [MainThread]:   method: service-account
[0m19:56:19.075408 [info ] [MainThread]:   database: ducks-etl-project
[0m19:56:19.076409 [info ] [MainThread]:   execution_project: ducks-etl-project
[0m19:56:19.076409 [info ] [MainThread]:   schema: ducks_dataset
[0m19:56:19.078412 [info ] [MainThread]:   location: EU
[0m19:56:19.079411 [info ] [MainThread]:   priority: interactive
[0m19:56:19.080407 [info ] [MainThread]:   maximum_bytes_billed: None
[0m19:56:19.081410 [info ] [MainThread]:   impersonate_service_account: None
[0m19:56:19.082407 [info ] [MainThread]:   job_retry_deadline_seconds: None
[0m19:56:19.083409 [info ] [MainThread]:   job_retries: 1
[0m19:56:19.083409 [info ] [MainThread]:   job_creation_timeout_seconds: None
[0m19:56:19.085416 [info ] [MainThread]:   job_execution_timeout_seconds: 300
[0m19:56:19.085416 [info ] [MainThread]:   timeout_seconds: 300
[0m19:56:19.086410 [info ] [MainThread]:   client_id: None
[0m19:56:19.087407 [info ] [MainThread]:   token_uri: None
[0m19:56:19.088409 [info ] [MainThread]:   compute_region: None
[0m19:56:19.088409 [info ] [MainThread]:   dataproc_cluster_name: None
[0m19:56:19.089406 [info ] [MainThread]:   gcs_bucket: None
[0m19:56:19.090409 [info ] [MainThread]:   dataproc_batch: None
[0m19:56:19.091411 [info ] [MainThread]: Registered adapter: bigquery=1.11.1
[0m19:56:19.896820 [debug] [MainThread]: Acquiring new bigquery connection 'debug'
[0m19:56:19.897439 [debug] [MainThread]: On debug: select 1 as id
[0m19:56:19.898057 [debug] [MainThread]: Opening a new connection, currently in state init
[0m19:56:20.540030 [debug] [MainThread]: BigQuery adapter: https://console.cloud.google.com/bigquery?project=ducks-etl-project&j=bq:EU:d8ca9edf-bd3a-49c5-b36c-bb534ce226fe&page=queryresults
[0m19:56:20.708669 [debug] [MainThread]: SQL status: OK in 0.167 seconds
[0m19:56:21.002128 [info ] [MainThread]:   Connection test: [[32mOK connection ok[0m]

[0m19:56:21.003129 [info ] [MainThread]: [32mAll checks passed![0m
[0m19:56:21.005130 [debug] [MainThread]: Command `dbt debug` succeeded at 19:56:21.005130 after 3.95 seconds
[0m19:56:21.005130 [debug] [MainThread]: Connection 'debug' was properly closed.
[0m19:56:21.006128 [debug] [MainThread]: Sending event: {'category': 'dbt', 'action': 'invocation', 'label': 'end', 'context': [<snowplow_tracker.self_describing_json.SelfDescribingJson object at 0x00000232BD733B20>, <snowplow_tracker.self_describing_json.SelfDescribingJson object at 0x00000232BDADCCD0>, <snowplow_tracker.self_describing_json.SelfDescribingJson object at 0x00000232CFBA0DF0>]}
[0m19:56:21.007130 [debug] [MainThread]: Flushing usage events
[0m19:56:21.413266 [debug] [MainThread]: An error was encountered while trying to flush usage events
[0m20:07:17.359931 [debug] [MainThread]: Sending event: {'category': 'dbt', 'action': 'invocation', 'label': 'start', 'context': [<snowplow_tracker.self_describing_json.SelfDescribingJson object at 0x000002D7E4643BE0>, <snowplow_tracker.self_describing_json.SelfDescribingJson object at 0x000002D7E5A23F70>, <snowplow_tracker.self_describing_json.SelfDescribingJson object at 0x000002D7E5A23D90>]}


============================== 20:07:17.364967 | 7e64e45b-fba0-482a-bd9e-6f06cc8a0d0a ==============================
[0m20:07:17.364967 [info ] [MainThread]: Running with dbt=1.11.8
[0m20:07:17.366932 [debug] [MainThread]: running dbt with arguments {'static_parser': 'True', 'no_print': 'None', 'version_check': 'True', 'target_path': 'None', 'warn_error_options': 'WarnErrorOptionsV2(error=[], warn=[], silence=[])', 'printer_width': '80', 'write_json': 'True', 'introspect': 'True', 'log_cache_events': 'False', 'empty': 'False', 'cache_selected_only': 'False', 'fail_fast': 'False', 'debug': 'False', 'log_format': 'default', 'partial_parse': 'True', 'send_anonymous_usage_stats': 'True', 'quiet': 'False', 'warn_error': 'None', 'profiles_dir': 'C:\\Users\\Ravi\\.dbt', 'indirect_selection': 'eager', 'use_colors': 'True', 'invocation_command': 'dbt run', 'use_experimental_parser': 'False', 'log_path': 'D:\\Demo\\ducks-etl-pipeline\\dbt_demo_project\\logs'}
[0m20:07:18.999641 [debug] [MainThread]: Sending event: {'category': 'dbt', 'action': 'project_id', 'label': '7e64e45b-fba0-482a-bd9e-6f06cc8a0d0a', 'context': [<snowplow_tracker.self_describing_json.SelfDescribingJson object at 0x000002D7F7BE33D0>]}
[0m20:07:19.095236 [debug] [MainThread]: Sending event: {'category': 'dbt', 'action': 'adapter_info', 'label': '7e64e45b-fba0-482a-bd9e-6f06cc8a0d0a', 'context': [<snowplow_tracker.self_describing_json.SelfDescribingJson object at 0x000002D7E57F1420>]}
[0m20:07:19.096239 [info ] [MainThread]: Registered adapter: bigquery=1.11.1
[0m20:07:19.989282 [debug] [MainThread]: checksum: 7d524ac048c2100769df89d592e662e060a73ca564e31bd9c2a37efdfe8d8ab6, vars: {}, profile: , target: , version: 1.11.8
[0m20:07:19.992291 [info ] [MainThread]: Unable to do partial parsing because saved manifest not found. Starting full parse.
[0m20:07:19.993286 [debug] [MainThread]: Sending event: {'category': 'dbt', 'action': 'partial_parser', 'label': '7e64e45b-fba0-482a-bd9e-6f06cc8a0d0a', 'context': [<snowplow_tracker.self_describing_json.SelfDescribingJson object at 0x000002D7F7C91780>]}
[0m20:07:22.128984 [warn ] [MainThread]: [[33mWARNING[0m]: Configuration paths exist in your dbt_project.yml file which do not apply to any resources.
There are 1 unused configuration paths:
- models.dbt_demo_project.example
[0m20:07:22.136018 [debug] [MainThread]: Sending event: {'category': 'dbt', 'action': 'load_project', 'label': '7e64e45b-fba0-482a-bd9e-6f06cc8a0d0a', 'context': [<snowplow_tracker.self_describing_json.SelfDescribingJson object at 0x000002D7F804D6C0>]}
[0m20:07:22.271624 [debug] [MainThread]: Wrote artifact WritableManifest to D:\Demo\ducks-etl-pipeline\dbt_demo_project\target\manifest.json
[0m20:07:22.275729 [debug] [MainThread]: Wrote artifact SemanticManifest to D:\Demo\ducks-etl-pipeline\dbt_demo_project\target\semantic_manifest.json
[0m20:07:22.354105 [debug] [MainThread]: Sending event: {'category': 'dbt', 'action': 'resource_counts', 'label': '7e64e45b-fba0-482a-bd9e-6f06cc8a0d0a', 'context': [<snowplow_tracker.self_describing_json.SelfDescribingJson object at 0x000002D7F6B3C880>]}
[0m20:07:22.355106 [info ] [MainThread]: Found 2 models, 539 macros
[0m20:07:22.356107 [debug] [MainThread]: Sending event: {'category': 'dbt', 'action': 'runnable_timing', 'label': '7e64e45b-fba0-482a-bd9e-6f06cc8a0d0a', 'context': [<snowplow_tracker.self_describing_json.SelfDescribingJson object at 0x000002D7F6B3F790>]}
[0m20:07:22.358131 [info ] [MainThread]: 
[0m20:07:22.359110 [info ] [MainThread]: Concurrency: 4 threads (target='dev')
[0m20:07:22.359110 [info ] [MainThread]: 
[0m20:07:22.360110 [debug] [MainThread]: Acquiring new bigquery connection 'master'
[0m20:07:22.369146 [debug] [ThreadPool]: Acquiring new bigquery connection 'list_ducks-etl-project'
[0m20:07:22.370143 [debug] [ThreadPool]: Opening a new connection, currently in state init
[0m20:07:22.756404 [debug] [ThreadPool]: Acquiring new bigquery connection 'list_ducks-etl-project_ducks_dataset'
[0m20:07:22.757403 [debug] [ThreadPool]: Opening a new connection, currently in state init
[0m20:07:23.054509 [debug] [MainThread]: Sending event: {'category': 'dbt', 'action': 'runnable_timing', 'label': '7e64e45b-fba0-482a-bd9e-6f06cc8a0d0a', 'context': [<snowplow_tracker.self_describing_json.SelfDescribingJson object at 0x000002D7E17DBD00>]}
[0m20:07:23.055508 [debug] [MainThread]: Opening a new connection, currently in state init
[0m20:07:23.124278 [debug] [Thread-1 (]: Began running node model.dbt_demo_project.stg_chapters
[0m20:07:23.125278 [info ] [Thread-1 (]: 1 of 2 START sql view model ducks_dataset.stg_chapters ......................... [RUN]
[0m20:07:23.126280 [debug] [Thread-1 (]: Acquiring new bigquery connection 'model.dbt_demo_project.stg_chapters'
[0m20:07:23.127279 [debug] [Thread-1 (]: Began compiling node model.dbt_demo_project.stg_chapters
[0m20:07:23.134317 [debug] [Thread-1 (]: Writing injected SQL for node "model.dbt_demo_project.stg_chapters"
[0m20:07:23.136931 [debug] [Thread-1 (]: Began executing node model.dbt_demo_project.stg_chapters
[0m20:07:23.176937 [debug] [Thread-1 (]: Writing runtime sql for node "model.dbt_demo_project.stg_chapters"
[0m20:07:23.179740 [debug] [Thread-1 (]: On model.dbt_demo_project.stg_chapters: /* {"app": "dbt", "dbt_version": "1.11.8", "profile_name": "dbt_demo_project", "target_name": "dev", "node_id": "model.dbt_demo_project.stg_chapters"} */


  create or replace view `ducks-etl-project`.`ducks_dataset`.`stg_chapters`
  OPTIONS()
  as SELECT
    chapter_id,
    chapter_name,
    city,
    state,
    latitude,
    longitude
FROM `ducks-etl-project.ducks_dataset.ducks_chapters_raw`;


[0m20:07:23.180748 [debug] [Thread-1 (]: Opening a new connection, currently in state init
[0m20:07:23.565093 [debug] [Thread-1 (]: BigQuery adapter: https://console.cloud.google.com/bigquery?project=ducks-etl-project&j=bq:EU:85fa0dc4-cf50-43d4-8e3f-4588afeeebef&page=queryresults
[0m20:07:23.566613 [error] [Thread-1 (]: BigQuery adapter: https://console.cloud.google.com/bigquery?project=ducks-etl-project&j=bq:EU:85fa0dc4-cf50-43d4-8e3f-4588afeeebef&page=queryresults
[0m20:07:23.683945 [debug] [Thread-1 (]: Database Error in model stg_chapters (models\staging\stg_chapters.sql)
  Not found: Dataset ducks-etl-project:ducks_dataset was not found in location EU
  compiled code at target\run\dbt_demo_project\models\staging\stg_chapters.sql
[0m20:07:23.696562 [debug] [Thread-1 (]: Sending event: {'category': 'dbt', 'action': 'run_model', 'label': '7e64e45b-fba0-482a-bd9e-6f06cc8a0d0a', 'context': [<snowplow_tracker.self_describing_json.SelfDescribingJson object at 0x000002D7E34D8820>]}
[0m20:07:23.697566 [error] [Thread-1 (]: 1 of 2 ERROR creating sql view model ducks_dataset.stg_chapters ................ [[31mERROR[0m in 0.56s]
[0m20:07:23.698562 [debug] [Thread-1 (]: Finished running node model.dbt_demo_project.stg_chapters
[0m20:07:23.699564 [debug] [Thread-7 (]: Marking all children of 'model.dbt_demo_project.stg_chapters' to be skipped because of status 'error'.  Reason: Database Error in model stg_chapters (models\staging\stg_chapters.sql)
  Not found: Dataset ducks-etl-project:ducks_dataset was not found in location EU
  compiled code at target\run\dbt_demo_project\models\staging\stg_chapters.sql.
[0m20:07:23.701569 [debug] [Thread-3 (]: Began running node model.dbt_demo_project.dim_chapters
[0m20:07:23.702624 [info ] [Thread-3 (]: 2 of 2 SKIP relation ducks_dataset.dim_chapters ................................ [[33mSKIP[0m]
[0m20:07:23.703571 [debug] [Thread-3 (]: Finished running node model.dbt_demo_project.dim_chapters
[0m20:07:23.706574 [debug] [MainThread]: Opening a new connection, currently in state closed
[0m20:07:23.755014 [debug] [MainThread]: Connection 'master' was properly closed.
[0m20:07:23.757025 [debug] [MainThread]: Connection 'list_ducks-etl-project' was properly closed.
[0m20:07:23.758020 [debug] [MainThread]: Connection 'list_ducks-etl-project_ducks_dataset' was properly closed.
[0m20:07:23.759039 [debug] [MainThread]: Connection 'model.dbt_demo_project.stg_chapters' was properly closed.
[0m20:07:23.760027 [info ] [MainThread]: 
[0m20:07:23.762019 [info ] [MainThread]: Finished running 2 view models in 0 hours 0 minutes and 1.40 seconds (1.40s).
[0m20:07:23.764018 [debug] [MainThread]: Command end result
[0m20:07:23.816627 [debug] [MainThread]: Wrote artifact WritableManifest to D:\Demo\ducks-etl-pipeline\dbt_demo_project\target\manifest.json
[0m20:07:23.820625 [debug] [MainThread]: Wrote artifact SemanticManifest to D:\Demo\ducks-etl-pipeline\dbt_demo_project\target\semantic_manifest.json
[0m20:07:23.835622 [debug] [MainThread]: Wrote artifact RunExecutionResult to D:\Demo\ducks-etl-pipeline\dbt_demo_project\target\run_results.json
[0m20:07:23.836626 [info ] [MainThread]: 
[0m20:07:23.837588 [info ] [MainThread]: [31mCompleted with 1 error, 0 partial successes, and 0 warnings:[0m
[0m20:07:23.838589 [info ] [MainThread]: 
[0m20:07:23.839638 [error] [MainThread]: [31mFailure in model stg_chapters (models\staging\stg_chapters.sql)[0m
[0m20:07:23.840685 [error] [MainThread]:   Database Error in model stg_chapters (models\staging\stg_chapters.sql)
  Not found: Dataset ducks-etl-project:ducks_dataset was not found in location EU
  compiled code at target\run\dbt_demo_project\models\staging\stg_chapters.sql
[0m20:07:23.841687 [info ] [MainThread]: 
[0m20:07:23.843650 [info ] [MainThread]:   compiled code at target\compiled\dbt_demo_project\models\staging\stg_chapters.sql
[0m20:07:23.844645 [info ] [MainThread]: 
[0m20:07:23.845646 [info ] [MainThread]: Done. PASS=0 WARN=0 ERROR=1 SKIP=1 NO-OP=0 TOTAL=2
[0m20:07:23.846646 [debug] [MainThread]: Command `dbt run` failed at 20:07:23.846646 after 6.68 seconds
[0m20:07:23.847646 [debug] [MainThread]: Sending event: {'category': 'dbt', 'action': 'invocation', 'label': 'end', 'context': [<snowplow_tracker.self_describing_json.SelfDescribingJson object at 0x000002D7E4643BE0>, <snowplow_tracker.self_describing_json.SelfDescribingJson object at 0x000002D7F81A7F10>, <snowplow_tracker.self_describing_json.SelfDescribingJson object at 0x000002D7F81A6A10>]}
[0m20:07:23.848648 [debug] [MainThread]: Flushing usage events
[0m20:07:24.262084 [debug] [MainThread]: An error was encountered while trying to flush usage events
[0m20:10:24.963695 [debug] [MainThread]: Sending event: {'category': 'dbt', 'action': 'invocation', 'label': 'start', 'context': [<snowplow_tracker.self_describing_json.SelfDescribingJson object at 0x000001B98C283BB0>, <snowplow_tracker.self_describing_json.SelfDescribingJson object at 0x000001B98D5F88E0>, <snowplow_tracker.self_describing_json.SelfDescribingJson object at 0x000001B98D5F8700>]}


============================== 20:10:24.967689 | 1238d818-9ecc-4dd5-9dd1-8ea269f389d7 ==============================
[0m20:10:24.967689 [info ] [MainThread]: Running with dbt=1.11.8
[0m20:10:24.968687 [debug] [MainThread]: running dbt with arguments {'version_check': 'True', 'no_print': 'None', 'static_parser': 'True', 'warn_error_options': 'WarnErrorOptionsV2(error=[], warn=[], silence=[])', 'target_path': 'None', 'printer_width': '80', 'write_json': 'True', 'introspect': 'True', 'log_cache_events': 'False', 'empty': 'None', 'cache_selected_only': 'False', 'fail_fast': 'False', 'debug': 'False', 'log_format': 'default', 'profiles_dir': 'C:\\Users\\Ravi\\.dbt', 'send_anonymous_usage_stats': 'True', 'quiet': 'False', 'warn_error': 'None', 'partial_parse': 'True', 'use_colors': 'True', 'invocation_command': 'dbt debug', 'indirect_selection': 'eager', 'use_experimental_parser': 'False', 'log_path': 'D:\\Demo\\ducks-etl-pipeline\\dbt_demo_project\\logs'}
[0m20:10:24.993654 [info ] [MainThread]: dbt version: 1.11.8
[0m20:10:24.994688 [info ] [MainThread]: python version: 3.10.2
[0m20:10:24.995657 [info ] [MainThread]: python path: d:\Demo\ducks-etl-pipeline\.venv\Scripts\python.exe
[0m20:10:24.996918 [info ] [MainThread]: os info: Windows-10-10.0.26200-SP0
[0m20:10:26.337551 [info ] [MainThread]: Using profiles dir at C:\Users\Ravi\.dbt
[0m20:10:26.338512 [info ] [MainThread]: Using profiles.yml file at C:\Users\Ravi\.dbt\profiles.yml
[0m20:10:26.339514 [info ] [MainThread]: Using dbt_project.yml file at D:\Demo\ducks-etl-pipeline\dbt_demo_project\dbt_project.yml
[0m20:10:26.339514 [info ] [MainThread]: adapter type: bigquery
[0m20:10:26.340513 [info ] [MainThread]: adapter version: 1.11.1
[0m20:10:26.511185 [info ] [MainThread]: Configuration:
[0m20:10:26.513187 [info ] [MainThread]:   profiles.yml file [[32mOK found and valid[0m]
[0m20:10:26.513187 [info ] [MainThread]:   dbt_project.yml file [[32mOK found and valid[0m]
[0m20:10:26.514551 [info ] [MainThread]: Required dependencies:
[0m20:10:26.515553 [debug] [MainThread]: Executing "git --help"
[0m20:10:26.586389 [debug] [MainThread]: STDOUT: "b"usage: git [--version] [--help] [-C <path>] [-c <name>=<value>]\n           [--exec-path[=<path>]] [--html-path] [--man-path] [--info-path]\n           [-p | --paginate | -P | --no-pager] [--no-replace-objects] [--bare]\n           [--git-dir=<path>] [--work-tree=<path>] [--namespace=<name>]\n           [--super-prefix=<path>] [--config-env=<name>=<envvar>]\n           <command> [<args>]\n\nThese are common Git commands used in various situations:\n\nstart a working area (see also: git help tutorial)\n   clone     Clone a repository into a new directory\n   init      Create an empty Git repository or reinitialize an existing one\n\nwork on the current change (see also: git help everyday)\n   add       Add file contents to the index\n   mv        Move or rename a file, a directory, or a symlink\n   restore   Restore working tree files\n   rm        Remove files from the working tree and from the index\n\nexamine the history and state (see also: git help revisions)\n   bisect    Use binary search to find the commit that introduced a bug\n   diff      Show changes between commits, commit and working tree, etc\n   grep      Print lines matching a pattern\n   log       Show commit logs\n   show      Show various types of objects\n   status    Show the working tree status\n\ngrow, mark and tweak your common history\n   branch    List, create, or delete branches\n   commit    Record changes to the repository\n   merge     Join two or more development histories together\n   rebase    Reapply commits on top of another base tip\n   reset     Reset current HEAD to the specified state\n   switch    Switch branches\n   tag       Create, list, delete or verify a tag object signed with GPG\n\ncollaborate (see also: git help workflows)\n   fetch     Download objects and refs from another repository\n   pull      Fetch from and integrate with another repository or a local branch\n   push      Update remote refs along with associated objects\n\n'git help -a' and 'git help -g' list available subcommands and some\nconcept guides. See 'git help <command>' or 'git help <concept>'\nto read about a specific subcommand or concept.\nSee 'git help git' for an overview of the system.\n""
[0m20:10:26.587339 [debug] [MainThread]: STDERR: "b''"
[0m20:10:26.587339 [info ] [MainThread]:  - git [[32mOK found[0m]

[0m20:10:26.588339 [info ] [MainThread]: Connection:
[0m20:10:26.589340 [info ] [MainThread]:   method: service-account
[0m20:10:26.590344 [info ] [MainThread]:   database: ducks-etl-project
[0m20:10:26.591340 [info ] [MainThread]:   execution_project: ducks-etl-project
[0m20:10:26.592338 [info ] [MainThread]:   schema: ducks_dataset
[0m20:10:26.592338 [info ] [MainThread]:   location: europe-west2
[0m20:10:26.593338 [info ] [MainThread]:   priority: interactive
[0m20:10:26.594342 [info ] [MainThread]:   maximum_bytes_billed: None
[0m20:10:26.595481 [info ] [MainThread]:   impersonate_service_account: None
[0m20:10:26.596490 [info ] [MainThread]:   job_retry_deadline_seconds: None
[0m20:10:26.596490 [info ] [MainThread]:   job_retries: 1
[0m20:10:26.597488 [info ] [MainThread]:   job_creation_timeout_seconds: None
[0m20:10:26.598500 [info ] [MainThread]:   job_execution_timeout_seconds: 300
[0m20:10:26.599494 [info ] [MainThread]:   timeout_seconds: 300
[0m20:10:26.600492 [info ] [MainThread]:   client_id: None
[0m20:10:26.601495 [info ] [MainThread]:   token_uri: None
[0m20:10:26.602498 [info ] [MainThread]:   compute_region: None
[0m20:10:26.603476 [info ] [MainThread]:   dataproc_cluster_name: None
[0m20:10:26.606511 [info ] [MainThread]:   gcs_bucket: None
[0m20:10:26.608485 [info ] [MainThread]:   dataproc_batch: None
[0m20:10:26.609482 [info ] [MainThread]: Registered adapter: bigquery=1.11.1
[0m20:10:27.395039 [debug] [MainThread]: Acquiring new bigquery connection 'debug'
[0m20:10:27.396039 [debug] [MainThread]: On debug: select 1 as id
[0m20:10:27.397040 [debug] [MainThread]: Opening a new connection, currently in state init
[0m20:10:28.430723 [debug] [MainThread]: BigQuery adapter: https://console.cloud.google.com/bigquery?project=ducks-etl-project&j=bq:europe-west2:3c25fd05-3198-4b30-a184-2d41ec7d272b&page=queryresults
[0m20:10:28.602304 [debug] [MainThread]: SQL status: OK in 0.171 seconds
[0m20:10:28.907891 [info ] [MainThread]:   Connection test: [[32mOK connection ok[0m]

[0m20:10:28.908897 [info ] [MainThread]: [32mAll checks passed![0m
[0m20:10:28.911897 [debug] [MainThread]: Command `dbt debug` succeeded at 20:10:28.911897 after 4.13 seconds
[0m20:10:28.912896 [debug] [MainThread]: Connection 'debug' was properly closed.
[0m20:10:28.913895 [debug] [MainThread]: Sending event: {'category': 'dbt', 'action': 'invocation', 'label': 'end', 'context': [<snowplow_tracker.self_describing_json.SelfDescribingJson object at 0x000001B98C283BB0>, <snowplow_tracker.self_describing_json.SelfDescribingJson object at 0x000001B99E6F0E80>, <snowplow_tracker.self_describing_json.SelfDescribingJson object at 0x000001B99F83B3A0>]}
[0m20:10:28.913895 [debug] [MainThread]: Flushing usage events
[0m20:10:29.333293 [debug] [MainThread]: An error was encountered while trying to flush usage events
[0m20:10:43.403636 [debug] [MainThread]: Sending event: {'category': 'dbt', 'action': 'invocation', 'label': 'start', 'context': [<snowplow_tracker.self_describing_json.SelfDescribingJson object at 0x000001D308853C10>, <snowplow_tracker.self_describing_json.SelfDescribingJson object at 0x000001D309C37F70>, <snowplow_tracker.self_describing_json.SelfDescribingJson object at 0x000001D309C37D90>]}


============================== 20:10:43.409238 | 513de356-b749-464c-9b94-e2188c145368 ==============================
[0m20:10:43.409238 [info ] [MainThread]: Running with dbt=1.11.8
[0m20:10:43.410239 [debug] [MainThread]: running dbt with arguments {'static_parser': 'True', 'no_print': 'None', 'version_check': 'True', 'target_path': 'None', 'warn_error_options': 'WarnErrorOptionsV2(error=[], warn=[], silence=[])', 'printer_width': '80', 'write_json': 'True', 'introspect': 'True', 'log_cache_events': 'False', 'empty': 'False', 'cache_selected_only': 'False', 'fail_fast': 'False', 'debug': 'False', 'log_format': 'default', 'profiles_dir': 'C:\\Users\\Ravi\\.dbt', 'send_anonymous_usage_stats': 'True', 'quiet': 'False', 'warn_error': 'None', 'partial_parse': 'True', 'invocation_command': 'dbt run', 'use_colors': 'True', 'indirect_selection': 'eager', 'use_experimental_parser': 'False', 'log_path': 'D:\\Demo\\ducks-etl-pipeline\\dbt_demo_project\\logs'}
[0m20:10:46.022534 [debug] [MainThread]: Sending event: {'category': 'dbt', 'action': 'project_id', 'label': '513de356-b749-464c-9b94-e2188c145368', 'context': [<snowplow_tracker.self_describing_json.SelfDescribingJson object at 0x000001D309BEDDB0>]}
[0m20:10:46.191097 [debug] [MainThread]: Sending event: {'category': 'dbt', 'action': 'adapter_info', 'label': '513de356-b749-464c-9b94-e2188c145368', 'context': [<snowplow_tracker.self_describing_json.SelfDescribingJson object at 0x000001D309A01450>]}
[0m20:10:46.193109 [info ] [MainThread]: Registered adapter: bigquery=1.11.1
[0m20:10:47.419233 [debug] [MainThread]: checksum: 7d524ac048c2100769df89d592e662e060a73ca564e31bd9c2a37efdfe8d8ab6, vars: {}, profile: , target: , version: 1.11.8
[0m20:10:47.657547 [info ] [MainThread]: Unable to do partial parsing because profile has changed
[0m20:10:47.659554 [debug] [MainThread]: Sending event: {'category': 'dbt', 'action': 'partial_parser', 'label': '513de356-b749-464c-9b94-e2188c145368', 'context': [<snowplow_tracker.self_describing_json.SelfDescribingJson object at 0x000001D309317130>]}
[0m20:10:49.903612 [warn ] [MainThread]: [[33mWARNING[0m]: Configuration paths exist in your dbt_project.yml file which do not apply to any resources.
There are 1 unused configuration paths:
- models.dbt_demo_project.example
[0m20:10:49.913130 [debug] [MainThread]: Sending event: {'category': 'dbt', 'action': 'load_project', 'label': '513de356-b749-464c-9b94-e2188c145368', 'context': [<snowplow_tracker.self_describing_json.SelfDescribingJson object at 0x000001D31C1A82E0>]}
[0m20:10:50.104754 [debug] [MainThread]: Wrote artifact WritableManifest to D:\Demo\ducks-etl-pipeline\dbt_demo_project\target\manifest.json
[0m20:10:50.109754 [debug] [MainThread]: Wrote artifact SemanticManifest to D:\Demo\ducks-etl-pipeline\dbt_demo_project\target\semantic_manifest.json
[0m20:10:50.145280 [debug] [MainThread]: Sending event: {'category': 'dbt', 'action': 'resource_counts', 'label': '513de356-b749-464c-9b94-e2188c145368', 'context': [<snowplow_tracker.self_describing_json.SelfDescribingJson object at 0x000001D31C4CAAA0>]}
[0m20:10:50.147274 [info ] [MainThread]: Found 2 models, 539 macros
[0m20:10:50.148273 [debug] [MainThread]: Sending event: {'category': 'dbt', 'action': 'runnable_timing', 'label': '513de356-b749-464c-9b94-e2188c145368', 'context': [<snowplow_tracker.self_describing_json.SelfDescribingJson object at 0x000001D31C4CBAC0>]}
[0m20:10:50.151298 [info ] [MainThread]: 
[0m20:10:50.152300 [info ] [MainThread]: Concurrency: 4 threads (target='dev')
[0m20:10:50.154272 [info ] [MainThread]: 
[0m20:10:50.155274 [debug] [MainThread]: Acquiring new bigquery connection 'master'
[0m20:10:50.176275 [debug] [ThreadPool]: Acquiring new bigquery connection 'list_ducks-etl-project'
[0m20:10:50.178277 [debug] [ThreadPool]: Opening a new connection, currently in state init
[0m20:10:50.628757 [debug] [ThreadPool]: Acquiring new bigquery connection 'list_ducks-etl-project_ducks_dataset'
[0m20:10:50.629758 [debug] [ThreadPool]: Opening a new connection, currently in state init
[0m20:10:50.975762 [debug] [MainThread]: Sending event: {'category': 'dbt', 'action': 'runnable_timing', 'label': '513de356-b749-464c-9b94-e2188c145368', 'context': [<snowplow_tracker.self_describing_json.SelfDescribingJson object at 0x000001D31C1AB9A0>]}
[0m20:10:50.978838 [debug] [MainThread]: Opening a new connection, currently in state init
[0m20:10:51.075984 [debug] [Thread-1 (]: Began running node model.dbt_demo_project.stg_chapters
[0m20:10:51.077004 [info ] [Thread-1 (]: 1 of 2 START sql view model ducks_dataset.stg_chapters ......................... [RUN]
[0m20:10:51.079008 [debug] [Thread-1 (]: Acquiring new bigquery connection 'model.dbt_demo_project.stg_chapters'
[0m20:10:51.079008 [debug] [Thread-1 (]: Began compiling node model.dbt_demo_project.stg_chapters
[0m20:10:51.091003 [debug] [Thread-1 (]: Writing injected SQL for node "model.dbt_demo_project.stg_chapters"
[0m20:10:51.092973 [debug] [Thread-1 (]: Began executing node model.dbt_demo_project.stg_chapters
[0m20:10:51.138621 [debug] [Thread-1 (]: Writing runtime sql for node "model.dbt_demo_project.stg_chapters"
[0m20:10:51.140620 [debug] [Thread-1 (]: On model.dbt_demo_project.stg_chapters: /* {"app": "dbt", "dbt_version": "1.11.8", "profile_name": "dbt_demo_project", "target_name": "dev", "node_id": "model.dbt_demo_project.stg_chapters"} */


  create or replace view `ducks-etl-project`.`ducks_dataset`.`stg_chapters`
  OPTIONS()
  as SELECT
    chapter_id,
    chapter_name,
    city,
    state,
    latitude,
    longitude
FROM `ducks-etl-project.ducks_dataset.ducks_chapters_raw`;


[0m20:10:51.141621 [debug] [Thread-1 (]: Opening a new connection, currently in state init
[0m20:10:52.206543 [debug] [Thread-1 (]: BigQuery adapter: https://console.cloud.google.com/bigquery?project=ducks-etl-project&j=bq:europe-west2:529da81e-43a3-42e2-af96-b009491c6daf&page=queryresults
[0m20:10:52.475470 [debug] [Thread-1 (]: SQL status: OK in 0.266 seconds
[0m20:10:52.624018 [debug] [Thread-1 (]: Sending event: {'category': 'dbt', 'action': 'run_model', 'label': '513de356-b749-464c-9b94-e2188c145368', 'context': [<snowplow_tracker.self_describing_json.SelfDescribingJson object at 0x000001D31AC6ECB0>]}
[0m20:10:52.625982 [info ] [Thread-1 (]: 1 of 2 OK created sql view model ducks_dataset.stg_chapters .................... [[32mCREATE VIEW (0 processed)[0m in 1.54s]
[0m20:10:52.626981 [debug] [Thread-1 (]: Finished running node model.dbt_demo_project.stg_chapters
[0m20:10:52.628981 [debug] [Thread-3 (]: Began running node model.dbt_demo_project.dim_chapters
[0m20:10:52.629981 [info ] [Thread-3 (]: 2 of 2 START sql view model ducks_dataset.dim_chapters ......................... [RUN]
[0m20:10:52.630982 [debug] [Thread-3 (]: Acquiring new bigquery connection 'model.dbt_demo_project.dim_chapters'
[0m20:10:52.631526 [debug] [Thread-3 (]: Began compiling node model.dbt_demo_project.dim_chapters
[0m20:10:52.635568 [debug] [Thread-3 (]: Writing injected SQL for node "model.dbt_demo_project.dim_chapters"
[0m20:10:52.638296 [debug] [Thread-3 (]: Began executing node model.dbt_demo_project.dim_chapters
[0m20:10:52.644290 [debug] [Thread-3 (]: Writing runtime sql for node "model.dbt_demo_project.dim_chapters"
[0m20:10:52.647292 [debug] [Thread-3 (]: On model.dbt_demo_project.dim_chapters: /* {"app": "dbt", "dbt_version": "1.11.8", "profile_name": "dbt_demo_project", "target_name": "dev", "node_id": "model.dbt_demo_project.dim_chapters"} */


  create or replace view `ducks-etl-project`.`ducks_dataset`.`dim_chapters`
  OPTIONS()
  as SELECT
    chapter_id,
    chapter_name,
    city,
    state,
    latitude,
    longitude
FROM `ducks-etl-project`.`ducks_dataset`.`stg_chapters`
WHERE state IS NOT NULL;


[0m20:10:52.648291 [debug] [Thread-3 (]: Opening a new connection, currently in state init
[0m20:10:53.299314 [debug] [Thread-3 (]: BigQuery adapter: https://console.cloud.google.com/bigquery?project=ducks-etl-project&j=bq:europe-west2:e48a7005-797b-47f2-80b9-27cfbf765a7a&page=queryresults
[0m20:10:53.630101 [debug] [Thread-3 (]: SQL status: OK in 0.330 seconds
[0m20:10:53.648670 [debug] [Thread-3 (]: Sending event: {'category': 'dbt', 'action': 'run_model', 'label': '513de356-b749-464c-9b94-e2188c145368', 'context': [<snowplow_tracker.self_describing_json.SelfDescribingJson object at 0x000001D31C57C4C0>]}
[0m20:10:53.650738 [info ] [Thread-3 (]: 2 of 2 OK created sql view model ducks_dataset.dim_chapters .................... [[32mCREATE VIEW (0 processed)[0m in 1.02s]
[0m20:10:53.653682 [debug] [Thread-3 (]: Finished running node model.dbt_demo_project.dim_chapters
[0m20:10:53.657685 [debug] [MainThread]: Opening a new connection, currently in state closed
[0m20:10:53.697722 [debug] [MainThread]: Connection 'master' was properly closed.
[0m20:10:53.699682 [debug] [MainThread]: Connection 'list_ducks-etl-project' was properly closed.
[0m20:10:53.701688 [debug] [MainThread]: Connection 'list_ducks-etl-project_ducks_dataset' was properly closed.
[0m20:10:53.702681 [debug] [MainThread]: Connection 'model.dbt_demo_project.stg_chapters' was properly closed.
[0m20:10:53.703759 [debug] [MainThread]: Connection 'model.dbt_demo_project.dim_chapters' was properly closed.
[0m20:10:53.704715 [info ] [MainThread]: 
[0m20:10:53.705678 [info ] [MainThread]: Finished running 2 view models in 0 hours 0 minutes and 3.55 seconds (3.55s).
[0m20:10:53.707187 [debug] [MainThread]: Command end result
[0m20:10:53.750800 [debug] [MainThread]: Wrote artifact WritableManifest to D:\Demo\ducks-etl-pipeline\dbt_demo_project\target\manifest.json
[0m20:10:53.754826 [debug] [MainThread]: Wrote artifact SemanticManifest to D:\Demo\ducks-etl-pipeline\dbt_demo_project\target\semantic_manifest.json
[0m20:10:53.768760 [debug] [MainThread]: Wrote artifact RunExecutionResult to D:\Demo\ducks-etl-pipeline\dbt_demo_project\target\run_results.json
[0m20:10:53.769761 [info ] [MainThread]: 
[0m20:10:53.770508 [info ] [MainThread]: [32mCompleted successfully[0m
[0m20:10:53.771600 [info ] [MainThread]: 
[0m20:10:53.772606 [info ] [MainThread]: Done. PASS=2 WARN=0 ERROR=0 SKIP=0 NO-OP=0 TOTAL=2
[0m20:10:53.774643 [debug] [MainThread]: Command `dbt run` succeeded at 20:10:53.773605 after 10.60 seconds
[0m20:10:53.774643 [debug] [MainThread]: Sending event: {'category': 'dbt', 'action': 'invocation', 'label': 'end', 'context': [<snowplow_tracker.self_describing_json.SelfDescribingJson object at 0x000001D308853C10>, <snowplow_tracker.self_describing_json.SelfDescribingJson object at 0x000001D309BEDDB0>, <snowplow_tracker.self_describing_json.SelfDescribingJson object at 0x000001D309A01450>]}
[0m20:10:53.775643 [debug] [MainThread]: Flushing usage events
[0m20:10:54.175405 [debug] [MainThread]: An error was encountered while trying to flush usage events
[0m20:18:25.262670 [debug] [MainThread]: Sending event: {'category': 'dbt', 'action': 'invocation', 'label': 'start', 'context': [<snowplow_tracker.self_describing_json.SelfDescribingJson object at 0x00000210D7D43C10>, <snowplow_tracker.self_describing_json.SelfDescribingJson object at 0x00000210D9137F70>, <snowplow_tracker.self_describing_json.SelfDescribingJson object at 0x00000210D9137D90>]}


============================== 20:18:25.266667 | ea5bc363-c294-47e8-89e3-aebe80163587 ==============================
[0m20:18:25.266667 [info ] [MainThread]: Running with dbt=1.11.8
[0m20:18:25.267672 [debug] [MainThread]: running dbt with arguments {'version_check': 'True', 'no_print': 'None', 'static_parser': 'True', 'target_path': 'None', 'warn_error_options': 'WarnErrorOptionsV2(error=[], warn=[], silence=[])', 'printer_width': '80', 'write_json': 'True', 'introspect': 'True', 'log_cache_events': 'False', 'empty': 'False', 'cache_selected_only': 'False', 'fail_fast': 'False', 'debug': 'False', 'log_format': 'default', 'partial_parse': 'True', 'send_anonymous_usage_stats': 'True', 'quiet': 'False', 'warn_error': 'None', 'profiles_dir': 'C:\\Users\\Ravi\\.dbt', 'indirect_selection': 'eager', 'invocation_command': 'dbt run', 'use_colors': 'True', 'use_experimental_parser': 'False', 'log_path': 'D:\\Demo\\ducks-etl-pipeline\\dbt_demo_project\\logs'}
[0m20:18:27.494654 [debug] [MainThread]: Sending event: {'category': 'dbt', 'action': 'project_id', 'label': 'ea5bc363-c294-47e8-89e3-aebe80163587', 'context': [<snowplow_tracker.self_describing_json.SelfDescribingJson object at 0x00000210D90E5DB0>]}
[0m20:18:27.697734 [debug] [MainThread]: Sending event: {'category': 'dbt', 'action': 'adapter_info', 'label': 'ea5bc363-c294-47e8-89e3-aebe80163587', 'context': [<snowplow_tracker.self_describing_json.SelfDescribingJson object at 0x00000210D8F01450>]}
[0m20:18:27.700737 [info ] [MainThread]: Registered adapter: bigquery=1.11.1
[0m20:18:29.412854 [debug] [MainThread]: checksum: 7d524ac048c2100769df89d592e662e060a73ca564e31bd9c2a37efdfe8d8ab6, vars: {}, profile: , target: , version: 1.11.8
[0m20:18:29.979532 [debug] [MainThread]: Partial parsing enabled: 0 files deleted, 0 files added, 1 files changed.
[0m20:18:29.982531 [debug] [MainThread]: Partial parsing: updated file: dbt_demo_project://models\marts\dim_chapters.sql
[0m20:18:30.695429 [warn ] [MainThread]: [[33mWARNING[0m]: Configuration paths exist in your dbt_project.yml file which do not apply to any resources.
There are 1 unused configuration paths:
- models.dbt_demo_project.example
[0m20:18:30.709442 [debug] [MainThread]: Sending event: {'category': 'dbt', 'action': 'load_project', 'label': 'ea5bc363-c294-47e8-89e3-aebe80163587', 'context': [<snowplow_tracker.self_describing_json.SelfDescribingJson object at 0x00000210EBAF4250>]}
[0m20:18:31.032649 [debug] [MainThread]: Wrote artifact WritableManifest to D:\Demo\ducks-etl-pipeline\dbt_demo_project\target\manifest.json
[0m20:18:31.038652 [debug] [MainThread]: Wrote artifact SemanticManifest to D:\Demo\ducks-etl-pipeline\dbt_demo_project\target\semantic_manifest.json
[0m20:18:31.164172 [debug] [MainThread]: Sending event: {'category': 'dbt', 'action': 'resource_counts', 'label': 'ea5bc363-c294-47e8-89e3-aebe80163587', 'context': [<snowplow_tracker.self_describing_json.SelfDescribingJson object at 0x00000210EBA4A080>]}
[0m20:18:31.166170 [info ] [MainThread]: Found 2 models, 539 macros
[0m20:18:31.166967 [debug] [MainThread]: Sending event: {'category': 'dbt', 'action': 'runnable_timing', 'label': 'ea5bc363-c294-47e8-89e3-aebe80163587', 'context': [<snowplow_tracker.self_describing_json.SelfDescribingJson object at 0x00000210EBA48970>]}
[0m20:18:31.171026 [info ] [MainThread]: 
[0m20:18:31.172034 [info ] [MainThread]: Concurrency: 4 threads (target='dev')
[0m20:18:31.174056 [info ] [MainThread]: 
[0m20:18:31.176050 [debug] [MainThread]: Acquiring new bigquery connection 'master'
[0m20:18:31.195048 [debug] [ThreadPool]: Acquiring new bigquery connection 'list_ducks-etl-project'
[0m20:18:31.197048 [debug] [ThreadPool]: Opening a new connection, currently in state init
[0m20:18:31.643723 [debug] [ThreadPool]: Acquiring new bigquery connection 'list_ducks-etl-project_ducks_dataset'
[0m20:18:31.644892 [debug] [ThreadPool]: Opening a new connection, currently in state init
[0m20:18:31.976971 [debug] [MainThread]: Sending event: {'category': 'dbt', 'action': 'runnable_timing', 'label': 'ea5bc363-c294-47e8-89e3-aebe80163587', 'context': [<snowplow_tracker.self_describing_json.SelfDescribingJson object at 0x00000210D4EDBD30>]}
[0m20:18:31.980030 [debug] [MainThread]: Opening a new connection, currently in state init
[0m20:18:32.046457 [debug] [Thread-1 (]: Began running node model.dbt_demo_project.stg_chapters
[0m20:18:32.047456 [info ] [Thread-1 (]: 1 of 2 START sql view model ducks_dataset.stg_chapters ......................... [RUN]
[0m20:18:32.048457 [debug] [Thread-1 (]: Acquiring new bigquery connection 'model.dbt_demo_project.stg_chapters'
[0m20:18:32.049494 [debug] [Thread-1 (]: Began compiling node model.dbt_demo_project.stg_chapters
[0m20:18:32.060497 [debug] [Thread-1 (]: Writing injected SQL for node "model.dbt_demo_project.stg_chapters"
[0m20:18:32.062498 [debug] [Thread-1 (]: Began executing node model.dbt_demo_project.stg_chapters
[0m20:18:32.106539 [debug] [Thread-1 (]: Writing runtime sql for node "model.dbt_demo_project.stg_chapters"
[0m20:18:32.108531 [debug] [Thread-1 (]: On model.dbt_demo_project.stg_chapters: /* {"app": "dbt", "dbt_version": "1.11.8", "profile_name": "dbt_demo_project", "target_name": "dev", "node_id": "model.dbt_demo_project.stg_chapters"} */


  create or replace view `ducks-etl-project`.`ducks_dataset`.`stg_chapters`
  OPTIONS()
  as SELECT
    chapter_id,
    chapter_name,
    city,
    state,
    latitude,
    longitude
FROM `ducks-etl-project.ducks_dataset.ducks_chapters_raw`;


[0m20:18:32.109544 [debug] [Thread-1 (]: Opening a new connection, currently in state init
[0m20:18:32.638324 [debug] [Thread-1 (]: BigQuery adapter: https://console.cloud.google.com/bigquery?project=ducks-etl-project&j=bq:europe-west2:ec2ad689-619a-4944-a840-30d90d3592f0&page=queryresults
[0m20:18:32.975293 [debug] [Thread-1 (]: SQL status: OK in 0.335 seconds
[0m20:18:33.132421 [debug] [Thread-1 (]: Sending event: {'category': 'dbt', 'action': 'run_model', 'label': 'ea5bc363-c294-47e8-89e3-aebe80163587', 'context': [<snowplow_tracker.self_describing_json.SelfDescribingJson object at 0x00000210D5A34760>]}
[0m20:18:33.134386 [info ] [Thread-1 (]: 1 of 2 OK created sql view model ducks_dataset.stg_chapters .................... [[32mCREATE VIEW (0 processed)[0m in 1.08s]
[0m20:18:33.135403 [debug] [Thread-1 (]: Finished running node model.dbt_demo_project.stg_chapters
[0m20:18:33.136384 [debug] [Thread-3 (]: Began running node model.dbt_demo_project.dim_chapters
[0m20:18:33.137384 [info ] [Thread-3 (]: 2 of 2 START sql table model ducks_dataset.dim_chapters ........................ [RUN]
[0m20:18:33.138384 [debug] [Thread-3 (]: Acquiring new bigquery connection 'model.dbt_demo_project.dim_chapters'
[0m20:18:33.139385 [debug] [Thread-3 (]: Began compiling node model.dbt_demo_project.dim_chapters
[0m20:18:33.142384 [debug] [Thread-3 (]: Writing injected SQL for node "model.dbt_demo_project.dim_chapters"
[0m20:18:33.144388 [debug] [Thread-3 (]: Began executing node model.dbt_demo_project.dim_chapters
[0m20:18:33.160386 [debug] [Thread-3 (]: Opening a new connection, currently in state init
[0m20:18:33.585832 [debug] [Thread-3 (]: Writing runtime sql for node "model.dbt_demo_project.dim_chapters"
[0m20:18:33.586831 [debug] [Thread-3 (]: On model.dbt_demo_project.dim_chapters: /* {"app": "dbt", "dbt_version": "1.11.8", "profile_name": "dbt_demo_project", "target_name": "dev", "node_id": "model.dbt_demo_project.dim_chapters"} */

  
    

    create or replace table `ducks-etl-project`.`ducks_dataset`.`dim_chapters`
      
    
    

    
    OPTIONS()
    as (
      

SELECT
    chapter_id,
    chapter_name,
    city,
    state,
    latitude,
    longitude
FROM `ducks-etl-project`.`ducks_dataset`.`stg_chapters`
WHERE state IS NOT NULL
    );
  
[0m20:18:34.702491 [debug] [Thread-3 (]: BigQuery adapter: https://console.cloud.google.com/bigquery?project=ducks-etl-project&j=bq:europe-west2:3a22b65f-0c9b-46b6-baa1-8670c82226ec&page=queryresults
[0m20:18:36.447769 [debug] [Thread-3 (]: SQL status: OK in 1.744 seconds
[0m20:18:36.729820 [debug] [Thread-3 (]: Sending event: {'category': 'dbt', 'action': 'run_model', 'label': 'ea5bc363-c294-47e8-89e3-aebe80163587', 'context': [<snowplow_tracker.self_describing_json.SelfDescribingJson object at 0x00000210D5A35CC0>]}
[0m20:18:36.731816 [info ] [Thread-3 (]: 2 of 2 OK created sql table model ducks_dataset.dim_chapters ................... [[32mCREATE TABLE (136.0 rows, 0 processed)[0m in 3.59s]
[0m20:18:36.734339 [debug] [Thread-3 (]: Finished running node model.dbt_demo_project.dim_chapters
[0m20:18:36.738340 [debug] [MainThread]: Opening a new connection, currently in state closed
[0m20:18:36.801384 [debug] [MainThread]: Connection 'master' was properly closed.
[0m20:18:36.802385 [debug] [MainThread]: Connection 'list_ducks-etl-project' was properly closed.
[0m20:18:36.803382 [debug] [MainThread]: Connection 'list_ducks-etl-project_ducks_dataset' was properly closed.
[0m20:18:36.804384 [debug] [MainThread]: Connection 'model.dbt_demo_project.stg_chapters' was properly closed.
[0m20:18:36.805384 [debug] [MainThread]: Connection 'model.dbt_demo_project.dim_chapters' was properly closed.
[0m20:18:36.806392 [info ] [MainThread]: 
[0m20:18:36.808388 [info ] [MainThread]: Finished running 1 table model, 1 view model in 0 hours 0 minutes and 5.63 seconds (5.63s).
[0m20:18:36.811382 [debug] [MainThread]: Command end result
[0m20:18:36.897946 [debug] [MainThread]: Wrote artifact WritableManifest to D:\Demo\ducks-etl-pipeline\dbt_demo_project\target\manifest.json
[0m20:18:36.903943 [debug] [MainThread]: Wrote artifact SemanticManifest to D:\Demo\ducks-etl-pipeline\dbt_demo_project\target\semantic_manifest.json
[0m20:18:36.923944 [debug] [MainThread]: Wrote artifact RunExecutionResult to D:\Demo\ducks-etl-pipeline\dbt_demo_project\target\run_results.json
[0m20:18:36.924942 [info ] [MainThread]: 
[0m20:18:36.926943 [info ] [MainThread]: [32mCompleted successfully[0m
[0m20:18:36.928941 [info ] [MainThread]: 
[0m20:18:36.930946 [info ] [MainThread]: Done. PASS=2 WARN=0 ERROR=0 SKIP=0 NO-OP=0 TOTAL=2
[0m20:18:36.933943 [debug] [MainThread]: Command `dbt run` succeeded at 20:18:36.933943 after 11.85 seconds
[0m20:18:36.935945 [debug] [MainThread]: Sending event: {'category': 'dbt', 'action': 'invocation', 'label': 'end', 'context': [<snowplow_tracker.self_describing_json.SelfDescribingJson object at 0x00000210D7D43C10>, <snowplow_tracker.self_describing_json.SelfDescribingJson object at 0x00000210D5A0B130>, <snowplow_tracker.self_describing_json.SelfDescribingJson object at 0x00000210D80EAB90>]}
[0m20:18:36.936948 [debug] [MainThread]: Flushing usage events
[0m20:18:37.595481 [debug] [MainThread]: An error was encountered while trying to flush usage events
[0m20:42:51.481916 [debug] [MainThread]: Sending event: {'category': 'dbt', 'action': 'invocation', 'label': 'start', 'context': [<snowplow_tracker.self_describing_json.SelfDescribingJson object at 0x0000011CD5827AF0>, <snowplow_tracker.self_describing_json.SelfDescribingJson object at 0x0000011CD6C03BB0>, <snowplow_tracker.self_describing_json.SelfDescribingJson object at 0x0000011CD6C03E20>]}


============================== 20:42:51.486912 | 6b1b143c-9266-4008-8804-d7466b4d91a0 ==============================
[0m20:42:51.486912 [info ] [MainThread]: Running with dbt=1.11.8
[0m20:42:51.488889 [debug] [MainThread]: running dbt with arguments {'version_check': 'True', 'no_print': 'None', 'static_parser': 'True', 'target_path': 'None', 'warn_error_options': 'WarnErrorOptionsV2(error=[], warn=[], silence=[])', 'printer_width': '80', 'write_json': 'True', 'introspect': 'True', 'log_cache_events': 'False', 'empty': 'None', 'cache_selected_only': 'False', 'log_format': 'default', 'debug': 'False', 'fail_fast': 'False', 'partial_parse': 'True', 'send_anonymous_usage_stats': 'True', 'quiet': 'False', 'warn_error': 'None', 'profiles_dir': 'C:\\Users\\Ravi\\.dbt', 'invocation_command': 'dbt test', 'indirect_selection': 'eager', 'use_colors': 'True', 'use_experimental_parser': 'False', 'log_path': 'D:\\Demo\\ducks-etl-pipeline\\dbt_demo_project\\logs'}
[0m20:42:53.099212 [debug] [MainThread]: Sending event: {'category': 'dbt', 'action': 'project_id', 'label': '6b1b143c-9266-4008-8804-d7466b4d91a0', 'context': [<snowplow_tracker.self_describing_json.SelfDescribingJson object at 0x0000011CD6BBBBE0>]}
[0m20:42:53.188257 [debug] [MainThread]: Sending event: {'category': 'dbt', 'action': 'adapter_info', 'label': '6b1b143c-9266-4008-8804-d7466b4d91a0', 'context': [<snowplow_tracker.self_describing_json.SelfDescribingJson object at 0x0000011CD69C5330>]}
[0m20:42:53.189799 [info ] [MainThread]: Registered adapter: bigquery=1.11.1
[0m20:42:53.986743 [debug] [MainThread]: checksum: 7d524ac048c2100769df89d592e662e060a73ca564e31bd9c2a37efdfe8d8ab6, vars: {}, profile: , target: , version: 1.11.8
[0m20:42:54.306875 [debug] [MainThread]: Partial parsing enabled: 0 files deleted, 1 files added, 0 files changed.
[0m20:42:54.307874 [debug] [MainThread]: Partial parsing: added file: dbt_demo_project://models\staging\schema.yml
[0m20:42:54.771210 [warn ] [MainThread]: [[33mWARNING[0m]: Configuration paths exist in your dbt_project.yml file which do not apply to any resources.
There are 1 unused configuration paths:
- models.dbt_demo_project.example
[0m20:42:54.778192 [debug] [MainThread]: Sending event: {'category': 'dbt', 'action': 'load_project', 'label': '6b1b143c-9266-4008-8804-d7466b4d91a0', 'context': [<snowplow_tracker.self_describing_json.SelfDescribingJson object at 0x0000011CE95EC130>]}
[0m20:42:55.085325 [debug] [MainThread]: Wrote artifact WritableManifest to D:\Demo\ducks-etl-pipeline\dbt_demo_project\target\manifest.json
[0m20:42:55.090944 [debug] [MainThread]: Wrote artifact SemanticManifest to D:\Demo\ducks-etl-pipeline\dbt_demo_project\target\semantic_manifest.json
[0m20:42:55.156027 [debug] [MainThread]: Sending event: {'category': 'dbt', 'action': 'resource_counts', 'label': '6b1b143c-9266-4008-8804-d7466b4d91a0', 'context': [<snowplow_tracker.self_describing_json.SelfDescribingJson object at 0x0000011CE95E1990>]}
[0m20:42:55.157113 [info ] [MainThread]: Found 2 models, 4 data tests, 539 macros
[0m20:42:55.158805 [debug] [MainThread]: Sending event: {'category': 'dbt', 'action': 'runnable_timing', 'label': '6b1b143c-9266-4008-8804-d7466b4d91a0', 'context': [<snowplow_tracker.self_describing_json.SelfDescribingJson object at 0x0000011CE95E1810>]}
[0m20:42:55.161510 [info ] [MainThread]: 
[0m20:42:55.162646 [info ] [MainThread]: Concurrency: 4 threads (target='dev')
[0m20:42:55.164334 [info ] [MainThread]: 
[0m20:42:55.165955 [debug] [MainThread]: Acquiring new bigquery connection 'master'
[0m20:42:55.182377 [debug] [ThreadPool]: Acquiring new bigquery connection 'list_ducks-etl-project_ducks_dataset'
[0m20:42:55.183842 [debug] [ThreadPool]: Opening a new connection, currently in state init
[0m20:42:55.588038 [debug] [MainThread]: Sending event: {'category': 'dbt', 'action': 'runnable_timing', 'label': '6b1b143c-9266-4008-8804-d7466b4d91a0', 'context': [<snowplow_tracker.self_describing_json.SelfDescribingJson object at 0x0000011CD45478B0>]}
[0m20:42:55.589038 [debug] [MainThread]: Opening a new connection, currently in state init
[0m20:42:55.667559 [debug] [Thread-1 (]: Began running node test.dbt_demo_project.not_null_stg_chapters_chapter_id.672dd4f425
[0m20:42:55.667559 [debug] [Thread-2 (]: Began running node test.dbt_demo_project.not_null_stg_chapters_city.ff69a60ef7
[0m20:42:55.668558 [debug] [Thread-3 (]: Began running node test.dbt_demo_project.not_null_stg_chapters_state.77ab3f4a9f
[0m20:42:55.669557 [debug] [Thread-4 (]: Began running node test.dbt_demo_project.unique_stg_chapters_chapter_id.5f989c8aa3
[0m20:42:55.669557 [info ] [Thread-1 (]: 1 of 4 START test not_null_stg_chapters_chapter_id ............................. [RUN]
[0m20:42:55.670559 [info ] [Thread-2 (]: 2 of 4 START test not_null_stg_chapters_city ................................... [RUN]
[0m20:42:55.671559 [info ] [Thread-3 (]: 3 of 4 START test not_null_stg_chapters_state .................................. [RUN]
[0m20:42:55.672559 [info ] [Thread-4 (]: 4 of 4 START test unique_stg_chapters_chapter_id ............................... [RUN]
[0m20:42:55.673557 [debug] [Thread-1 (]: Acquiring new bigquery connection 'test.dbt_demo_project.not_null_stg_chapters_chapter_id.672dd4f425'
[0m20:42:55.675558 [debug] [Thread-2 (]: Acquiring new bigquery connection 'test.dbt_demo_project.not_null_stg_chapters_city.ff69a60ef7'
[0m20:42:55.675558 [debug] [Thread-3 (]: Acquiring new bigquery connection 'test.dbt_demo_project.not_null_stg_chapters_state.77ab3f4a9f'
[0m20:42:55.676562 [debug] [Thread-4 (]: Acquiring new bigquery connection 'test.dbt_demo_project.unique_stg_chapters_chapter_id.5f989c8aa3'
[0m20:42:55.677562 [debug] [Thread-1 (]: Began compiling node test.dbt_demo_project.not_null_stg_chapters_chapter_id.672dd4f425
[0m20:42:55.678563 [debug] [Thread-2 (]: Began compiling node test.dbt_demo_project.not_null_stg_chapters_city.ff69a60ef7
[0m20:42:55.678563 [debug] [Thread-3 (]: Began compiling node test.dbt_demo_project.not_null_stg_chapters_state.77ab3f4a9f
[0m20:42:55.679563 [debug] [Thread-4 (]: Began compiling node test.dbt_demo_project.unique_stg_chapters_chapter_id.5f989c8aa3
[0m20:42:55.706083 [debug] [Thread-1 (]: Writing injected SQL for node "test.dbt_demo_project.not_null_stg_chapters_chapter_id.672dd4f425"
[0m20:42:55.714084 [debug] [Thread-2 (]: Writing injected SQL for node "test.dbt_demo_project.not_null_stg_chapters_city.ff69a60ef7"
[0m20:42:55.725081 [debug] [Thread-3 (]: Writing injected SQL for node "test.dbt_demo_project.not_null_stg_chapters_state.77ab3f4a9f"
[0m20:42:55.738079 [debug] [Thread-4 (]: Writing injected SQL for node "test.dbt_demo_project.unique_stg_chapters_chapter_id.5f989c8aa3"
[0m20:42:55.742078 [debug] [Thread-2 (]: Began executing node test.dbt_demo_project.not_null_stg_chapters_city.ff69a60ef7
[0m20:42:55.742078 [debug] [Thread-1 (]: Began executing node test.dbt_demo_project.not_null_stg_chapters_chapter_id.672dd4f425
[0m20:42:55.743079 [debug] [Thread-3 (]: Began executing node test.dbt_demo_project.not_null_stg_chapters_state.77ab3f4a9f
[0m20:42:55.755076 [debug] [Thread-4 (]: Began executing node test.dbt_demo_project.unique_stg_chapters_chapter_id.5f989c8aa3
[0m20:42:55.773167 [debug] [Thread-2 (]: Writing runtime sql for node "test.dbt_demo_project.not_null_stg_chapters_city.ff69a60ef7"
[0m20:42:55.777133 [debug] [Thread-1 (]: Writing runtime sql for node "test.dbt_demo_project.not_null_stg_chapters_chapter_id.672dd4f425"
[0m20:42:55.780750 [debug] [Thread-3 (]: Writing runtime sql for node "test.dbt_demo_project.not_null_stg_chapters_state.77ab3f4a9f"
[0m20:42:55.784786 [debug] [Thread-4 (]: Writing runtime sql for node "test.dbt_demo_project.unique_stg_chapters_chapter_id.5f989c8aa3"
[0m20:42:55.787751 [debug] [Thread-2 (]: On test.dbt_demo_project.not_null_stg_chapters_city.ff69a60ef7: /* {"app": "dbt", "dbt_version": "1.11.8", "profile_name": "dbt_demo_project", "target_name": "dev", "node_id": "test.dbt_demo_project.not_null_stg_chapters_city.ff69a60ef7"} */

    
    select
      count(*) as failures,
      count(*) != 0 as should_warn,
      count(*) != 0 as should_error
    from (
      
    
  
    
    



select city
from `ducks-etl-project`.`ducks_dataset`.`stg_chapters`
where city is null



  
  
      
    ) dbt_internal_test
[0m20:42:55.787751 [debug] [Thread-1 (]: On test.dbt_demo_project.not_null_stg_chapters_chapter_id.672dd4f425: /* {"app": "dbt", "dbt_version": "1.11.8", "profile_name": "dbt_demo_project", "target_name": "dev", "node_id": "test.dbt_demo_project.not_null_stg_chapters_chapter_id.672dd4f425"} */

    
    select
      count(*) as failures,
      count(*) != 0 as should_warn,
      count(*) != 0 as should_error
    from (
      
    
  
    
    



select chapter_id
from `ducks-etl-project`.`ducks_dataset`.`stg_chapters`
where chapter_id is null



  
  
      
    ) dbt_internal_test
[0m20:42:55.788787 [debug] [Thread-2 (]: Opening a new connection, currently in state init
[0m20:42:55.789787 [debug] [Thread-3 (]: On test.dbt_demo_project.not_null_stg_chapters_state.77ab3f4a9f: /* {"app": "dbt", "dbt_version": "1.11.8", "profile_name": "dbt_demo_project", "target_name": "dev", "node_id": "test.dbt_demo_project.not_null_stg_chapters_state.77ab3f4a9f"} */

    
    select
      count(*) as failures,
      count(*) != 0 as should_warn,
      count(*) != 0 as should_error
    from (
      
    
  
    
    



select state
from `ducks-etl-project`.`ducks_dataset`.`stg_chapters`
where state is null



  
  
      
    ) dbt_internal_test
[0m20:42:55.789787 [debug] [Thread-4 (]: On test.dbt_demo_project.unique_stg_chapters_chapter_id.5f989c8aa3: /* {"app": "dbt", "dbt_version": "1.11.8", "profile_name": "dbt_demo_project", "target_name": "dev", "node_id": "test.dbt_demo_project.unique_stg_chapters_chapter_id.5f989c8aa3"} */

    
    select
      count(*) as failures,
      count(*) != 0 as should_warn,
      count(*) != 0 as should_error
    from (
      
    
  
    
    

with dbt_test__target as (

  select chapter_id as unique_field
  from `ducks-etl-project`.`ducks_dataset`.`stg_chapters`
  where chapter_id is not null

)

select
    unique_field,
    count(*) as n_records

from dbt_test__target
group by unique_field
having count(*) > 1



  
  
      
    ) dbt_internal_test
[0m20:42:55.791294 [debug] [Thread-1 (]: Opening a new connection, currently in state init
[0m20:42:55.835302 [debug] [Thread-3 (]: Opening a new connection, currently in state init
[0m20:42:55.838075 [debug] [Thread-4 (]: Opening a new connection, currently in state init
[0m20:42:56.782790 [debug] [Thread-1 (]: BigQuery adapter: https://console.cloud.google.com/bigquery?project=ducks-etl-project&j=bq:europe-west2:8ab5f847-b5fd-4b11-b827-223e528e2915&page=queryresults
[0m20:42:56.989798 [debug] [Thread-1 (]: SQL status: OK in 0.206 seconds
[0m20:42:57.065354 [debug] [Thread-4 (]: BigQuery adapter: https://console.cloud.google.com/bigquery?project=ducks-etl-project&j=bq:europe-west2:8c68c97a-3155-43af-89a0-96b0d27998d3&page=queryresults
[0m20:42:57.145959 [debug] [Thread-3 (]: BigQuery adapter: https://console.cloud.google.com/bigquery?project=ducks-etl-project&j=bq:europe-west2:d0d904be-80e3-4d1c-b752-2abf25133648&page=queryresults
[0m20:42:57.197824 [debug] [Thread-2 (]: BigQuery adapter: https://console.cloud.google.com/bigquery?project=ducks-etl-project&j=bq:europe-west2:753bece6-85df-4a2a-b771-b3cbcd0557a9&page=queryresults
[0m20:42:57.211566 [debug] [Thread-4 (]: SQL status: OK in 0.146 seconds
[0m20:42:57.310028 [debug] [Thread-3 (]: SQL status: OK in 0.162 seconds
[0m20:42:57.322781 [debug] [Thread-2 (]: SQL status: OK in 0.123 seconds
[0m20:42:57.400298 [info ] [Thread-1 (]: 1 of 4 PASS not_null_stg_chapters_chapter_id ................................... [[32mPASS[0m in 1.73s]
[0m20:42:57.401296 [debug] [Thread-1 (]: Finished running node test.dbt_demo_project.not_null_stg_chapters_chapter_id.672dd4f425
[0m20:42:57.511807 [error] [Thread-4 (]: 4 of 4 FAIL 1 unique_stg_chapters_chapter_id ................................... [[31mFAIL 1[0m in 1.83s]
[0m20:42:57.513414 [debug] [Thread-4 (]: Finished running node test.dbt_demo_project.unique_stg_chapters_chapter_id.5f989c8aa3
[0m20:42:57.557834 [info ] [Thread-3 (]: 3 of 4 PASS not_null_stg_chapters_state ........................................ [[32mPASS[0m in 1.88s]
[0m20:42:57.560010 [debug] [Thread-3 (]: Finished running node test.dbt_demo_project.not_null_stg_chapters_state.77ab3f4a9f
[0m20:42:57.596349 [info ] [Thread-2 (]: 2 of 4 PASS not_null_stg_chapters_city ......................................... [[32mPASS[0m in 1.92s]
[0m20:42:57.597452 [debug] [Thread-2 (]: Finished running node test.dbt_demo_project.not_null_stg_chapters_city.ff69a60ef7
[0m20:42:57.600187 [debug] [MainThread]: Opening a new connection, currently in state closed
[0m20:42:57.645996 [debug] [MainThread]: Connection 'master' was properly closed.
[0m20:42:57.646538 [debug] [MainThread]: Connection 'list_ducks-etl-project_ducks_dataset' was properly closed.
[0m20:42:57.647547 [debug] [MainThread]: Connection 'test.dbt_demo_project.not_null_stg_chapters_chapter_id.672dd4f425' was properly closed.
[0m20:42:57.647547 [debug] [MainThread]: Connection 'test.dbt_demo_project.not_null_stg_chapters_city.ff69a60ef7' was properly closed.
[0m20:42:57.648554 [debug] [MainThread]: Connection 'test.dbt_demo_project.not_null_stg_chapters_state.77ab3f4a9f' was properly closed.
[0m20:42:57.649549 [debug] [MainThread]: Connection 'test.dbt_demo_project.unique_stg_chapters_chapter_id.5f989c8aa3' was properly closed.
[0m20:42:57.650547 [info ] [MainThread]: 
[0m20:42:57.652604 [info ] [MainThread]: Finished running 4 data tests in 0 hours 0 minutes and 2.48 seconds (2.48s).
[0m20:42:57.655546 [debug] [MainThread]: Command end result
[0m20:42:57.713527 [debug] [MainThread]: Wrote artifact WritableManifest to D:\Demo\ducks-etl-pipeline\dbt_demo_project\target\manifest.json
[0m20:42:57.717149 [debug] [MainThread]: Wrote artifact SemanticManifest to D:\Demo\ducks-etl-pipeline\dbt_demo_project\target\semantic_manifest.json
[0m20:42:57.734404 [debug] [MainThread]: Wrote artifact RunExecutionResult to D:\Demo\ducks-etl-pipeline\dbt_demo_project\target\run_results.json
[0m20:42:57.734967 [info ] [MainThread]: 
[0m20:42:57.736126 [info ] [MainThread]: [31mCompleted with 1 error, 0 partial successes, and 0 warnings:[0m
[0m20:42:57.737291 [info ] [MainThread]: 
[0m20:42:57.738414 [error] [MainThread]: [31mFailure in test unique_stg_chapters_chapter_id (models\staging\schema.yml)[0m
[0m20:42:57.740287 [error] [MainThread]:   Got 1 result, configured to fail if != 0
[0m20:42:57.741749 [info ] [MainThread]: 
[0m20:42:57.743572 [info ] [MainThread]:   compiled code at target\compiled\dbt_demo_project\models\staging\schema.yml\unique_stg_chapters_chapter_id.sql
[0m20:42:57.744709 [info ] [MainThread]: 
[0m20:42:57.746411 [info ] [MainThread]: Done. PASS=3 WARN=0 ERROR=1 SKIP=0 NO-OP=0 TOTAL=4
[0m20:42:57.748585 [debug] [MainThread]: Command `dbt test` failed at 20:42:57.748585 after 6.46 seconds
[0m20:42:57.749681 [debug] [MainThread]: Sending event: {'category': 'dbt', 'action': 'invocation', 'label': 'end', 'context': [<snowplow_tracker.self_describing_json.SelfDescribingJson object at 0x0000011CD5827AF0>, <snowplow_tracker.self_describing_json.SelfDescribingJson object at 0x0000011CD46DE020>, <snowplow_tracker.self_describing_json.SelfDescribingJson object at 0x0000011CE95E2260>]}
[0m20:42:57.750257 [debug] [MainThread]: Flushing usage events
[0m20:42:58.165825 [debug] [MainThread]: An error was encountered while trying to flush usage events
[0m20:51:45.490462 [debug] [MainThread]: Sending event: {'category': 'dbt', 'action': 'invocation', 'label': 'start', 'context': [<snowplow_tracker.self_describing_json.SelfDescribingJson object at 0x0000023D5ADFBAF0>, <snowplow_tracker.self_describing_json.SelfDescribingJson object at 0x0000023D5C1D7E50>, <snowplow_tracker.self_describing_json.SelfDescribingJson object at 0x0000023D5C1D7C70>]}


============================== 20:51:45.494461 | e667a060-0e5e-4f9b-972a-3410220bc247 ==============================
[0m20:51:45.494461 [info ] [MainThread]: Running with dbt=1.11.8
[0m20:51:45.495429 [debug] [MainThread]: running dbt with arguments {'static_parser': 'True', 'no_print': 'None', 'version_check': 'True', 'target_path': 'None', 'warn_error_options': 'WarnErrorOptionsV2(error=[], warn=[], silence=[])', 'printer_width': '80', 'write_json': 'True', 'introspect': 'True', 'log_cache_events': 'False', 'empty': 'False', 'cache_selected_only': 'False', 'fail_fast': 'False', 'debug': 'False', 'log_format': 'default', 'profiles_dir': 'C:\\Users\\Ravi\\.dbt', 'send_anonymous_usage_stats': 'True', 'quiet': 'False', 'warn_error': 'None', 'partial_parse': 'True', 'use_colors': 'True', 'invocation_command': 'dbt run', 'indirect_selection': 'eager', 'use_experimental_parser': 'False', 'log_path': 'D:\\Demo\\ducks-etl-pipeline\\dbt_demo_project\\logs'}
[0m20:51:46.982816 [debug] [MainThread]: Sending event: {'category': 'dbt', 'action': 'project_id', 'label': 'e667a060-0e5e-4f9b-972a-3410220bc247', 'context': [<snowplow_tracker.self_describing_json.SelfDescribingJson object at 0x0000023D5C1D7F10>]}
[0m20:51:47.091411 [debug] [MainThread]: Sending event: {'category': 'dbt', 'action': 'adapter_info', 'label': 'e667a060-0e5e-4f9b-972a-3410220bc247', 'context': [<snowplow_tracker.self_describing_json.SelfDescribingJson object at 0x0000023D5B8E96F0>]}
[0m20:51:47.093408 [info ] [MainThread]: Registered adapter: bigquery=1.11.1
[0m20:51:47.857840 [debug] [MainThread]: checksum: 7d524ac048c2100769df89d592e662e060a73ca564e31bd9c2a37efdfe8d8ab6, vars: {}, profile: , target: , version: 1.11.8
[0m20:51:48.220591 [debug] [MainThread]: Partial parsing enabled: 0 files deleted, 0 files added, 1 files changed.
[0m20:51:48.221592 [debug] [MainThread]: Partial parsing: updated file: dbt_demo_project://models\staging\stg_chapters.sql
[0m20:51:49.173096 [warn ] [MainThread]: [[33mWARNING[0m]: Configuration paths exist in your dbt_project.yml file which do not apply to any resources.
There are 1 unused configuration paths:
- models.dbt_demo_project.example
[0m20:51:49.182098 [debug] [MainThread]: Sending event: {'category': 'dbt', 'action': 'load_project', 'label': 'e667a060-0e5e-4f9b-972a-3410220bc247', 'context': [<snowplow_tracker.self_describing_json.SelfDescribingJson object at 0x0000023D6E8EEB60>]}
[0m20:51:49.371738 [debug] [MainThread]: Wrote artifact WritableManifest to D:\Demo\ducks-etl-pipeline\dbt_demo_project\target\manifest.json
[0m20:51:49.375744 [debug] [MainThread]: Wrote artifact SemanticManifest to D:\Demo\ducks-etl-pipeline\dbt_demo_project\target\semantic_manifest.json
[0m20:51:49.401737 [debug] [MainThread]: Sending event: {'category': 'dbt', 'action': 'resource_counts', 'label': 'e667a060-0e5e-4f9b-972a-3410220bc247', 'context': [<snowplow_tracker.self_describing_json.SelfDescribingJson object at 0x0000023D6EC95150>]}
[0m20:51:49.402740 [info ] [MainThread]: Found 2 models, 4 data tests, 539 macros
[0m20:51:49.403738 [debug] [MainThread]: Sending event: {'category': 'dbt', 'action': 'runnable_timing', 'label': 'e667a060-0e5e-4f9b-972a-3410220bc247', 'context': [<snowplow_tracker.self_describing_json.SelfDescribingJson object at 0x0000023D6EC24CD0>]}
[0m20:51:49.406742 [info ] [MainThread]: 
[0m20:51:49.407737 [info ] [MainThread]: Concurrency: 4 threads (target='dev')
[0m20:51:49.408740 [info ] [MainThread]: 
[0m20:51:49.410739 [debug] [MainThread]: Acquiring new bigquery connection 'master'
[0m20:51:49.426407 [debug] [ThreadPool]: Acquiring new bigquery connection 'list_ducks-etl-project'
[0m20:51:49.428167 [debug] [ThreadPool]: Opening a new connection, currently in state init
[0m20:51:49.883646 [debug] [ThreadPool]: Acquiring new bigquery connection 'list_ducks-etl-project_ducks_dataset'
[0m20:51:49.886705 [debug] [ThreadPool]: Opening a new connection, currently in state init
[0m20:51:50.198057 [debug] [MainThread]: Sending event: {'category': 'dbt', 'action': 'runnable_timing', 'label': 'e667a060-0e5e-4f9b-972a-3410220bc247', 'context': [<snowplow_tracker.self_describing_json.SelfDescribingJson object at 0x0000023D57F8BC10>]}
[0m20:51:50.199097 [debug] [MainThread]: Opening a new connection, currently in state init
[0m20:51:50.249056 [debug] [Thread-1 (]: Began running node model.dbt_demo_project.stg_chapters
[0m20:51:50.250057 [info ] [Thread-1 (]: 1 of 2 START sql view model ducks_dataset.stg_chapters ......................... [RUN]
[0m20:51:50.251058 [debug] [Thread-1 (]: Acquiring new bigquery connection 'model.dbt_demo_project.stg_chapters'
[0m20:51:50.252063 [debug] [Thread-1 (]: Began compiling node model.dbt_demo_project.stg_chapters
[0m20:51:50.262061 [debug] [Thread-1 (]: Writing injected SQL for node "model.dbt_demo_project.stg_chapters"
[0m20:51:50.263072 [debug] [Thread-1 (]: Began executing node model.dbt_demo_project.stg_chapters
[0m20:51:50.298657 [debug] [Thread-1 (]: Writing runtime sql for node "model.dbt_demo_project.stg_chapters"
[0m20:51:50.299654 [debug] [Thread-1 (]: On model.dbt_demo_project.stg_chapters: /* {"app": "dbt", "dbt_version": "1.11.8", "profile_name": "dbt_demo_project", "target_name": "dev", "node_id": "model.dbt_demo_project.stg_chapters"} */


  create or replace view `ducks-etl-project`.`ducks_dataset`.`stg_chapters`
  OPTIONS()
  as SELECT *
FROM (
    SELECT *,
           ROW_NUMBER() OVER (PARTITION BY chapter_id ORDER BY chapter_id) as rn
    FROM `ducks-etl-project.ducks_dataset.ducks_chapters_raw`
)
WHERE rn = 1;


[0m20:51:50.300622 [debug] [Thread-1 (]: Opening a new connection, currently in state init
[0m20:51:51.247071 [debug] [Thread-1 (]: BigQuery adapter: https://console.cloud.google.com/bigquery?project=ducks-etl-project&j=bq:europe-west2:ebe40b6d-309b-4dc5-be83-a6fa61fe8474&page=queryresults
[0m20:51:51.590116 [debug] [Thread-1 (]: SQL status: OK in 0.342 seconds
[0m20:51:51.732306 [debug] [Thread-1 (]: Sending event: {'category': 'dbt', 'action': 'run_model', 'label': 'e667a060-0e5e-4f9b-972a-3410220bc247', 'context': [<snowplow_tracker.self_describing_json.SelfDescribingJson object at 0x0000023D6D20EB90>]}
[0m20:51:51.734272 [info ] [Thread-1 (]: 1 of 2 OK created sql view model ducks_dataset.stg_chapters .................... [[32mCREATE VIEW (0 processed)[0m in 1.48s]
[0m20:51:51.735268 [debug] [Thread-1 (]: Finished running node model.dbt_demo_project.stg_chapters
[0m20:51:51.736269 [debug] [Thread-3 (]: Began running node model.dbt_demo_project.dim_chapters
[0m20:51:51.737267 [info ] [Thread-3 (]: 2 of 2 START sql table model ducks_dataset.dim_chapters ........................ [RUN]
[0m20:51:51.739273 [debug] [Thread-3 (]: Acquiring new bigquery connection 'model.dbt_demo_project.dim_chapters'
[0m20:51:51.739273 [debug] [Thread-3 (]: Began compiling node model.dbt_demo_project.dim_chapters
[0m20:51:51.743309 [debug] [Thread-3 (]: Writing injected SQL for node "model.dbt_demo_project.dim_chapters"
[0m20:51:51.744306 [debug] [Thread-3 (]: Began executing node model.dbt_demo_project.dim_chapters
[0m20:51:51.758324 [debug] [Thread-3 (]: Opening a new connection, currently in state init
[0m20:51:52.108746 [debug] [Thread-3 (]: Writing runtime sql for node "model.dbt_demo_project.dim_chapters"
[0m20:51:52.110391 [debug] [Thread-3 (]: On model.dbt_demo_project.dim_chapters: /* {"app": "dbt", "dbt_version": "1.11.8", "profile_name": "dbt_demo_project", "target_name": "dev", "node_id": "model.dbt_demo_project.dim_chapters"} */

  
    

    create or replace table `ducks-etl-project`.`ducks_dataset`.`dim_chapters`
      
    
    

    
    OPTIONS()
    as (
      

SELECT
    chapter_id,
    chapter_name,
    city,
    state,
    latitude,
    longitude
FROM `ducks-etl-project`.`ducks_dataset`.`stg_chapters`
WHERE state IS NOT NULL
    );
  
[0m20:51:52.760111 [debug] [Thread-3 (]: BigQuery adapter: https://console.cloud.google.com/bigquery?project=ducks-etl-project&j=bq:europe-west2:40911abe-cdd5-4ba7-bfc2-381ae08ad256&page=queryresults
[0m20:51:54.357763 [debug] [Thread-3 (]: SQL status: OK in 1.596 seconds
[0m20:51:54.507376 [debug] [Thread-3 (]: Sending event: {'category': 'dbt', 'action': 'run_model', 'label': 'e667a060-0e5e-4f9b-972a-3410220bc247', 'context': [<snowplow_tracker.self_describing_json.SelfDescribingJson object at 0x0000023D6E984250>]}
[0m20:51:54.508503 [info ] [Thread-3 (]: 2 of 2 OK created sql table model ducks_dataset.dim_chapters ................... [[32mCREATE TABLE (135.0 rows, 8.9 KiB processed)[0m in 2.77s]
[0m20:51:54.510249 [debug] [Thread-3 (]: Finished running node model.dbt_demo_project.dim_chapters
[0m20:51:54.512998 [debug] [MainThread]: Opening a new connection, currently in state closed
[0m20:51:54.552022 [debug] [MainThread]: Connection 'master' was properly closed.
[0m20:51:54.552534 [debug] [MainThread]: Connection 'list_ducks-etl-project' was properly closed.
[0m20:51:54.553541 [debug] [MainThread]: Connection 'list_ducks-etl-project_ducks_dataset' was properly closed.
[0m20:51:54.553541 [debug] [MainThread]: Connection 'model.dbt_demo_project.stg_chapters' was properly closed.
[0m20:51:54.554540 [debug] [MainThread]: Connection 'model.dbt_demo_project.dim_chapters' was properly closed.
[0m20:51:54.554540 [info ] [MainThread]: 
[0m20:51:54.555582 [info ] [MainThread]: Finished running 1 table model, 1 view model in 0 hours 0 minutes and 5.14 seconds (5.14s).
[0m20:51:54.557633 [debug] [MainThread]: Command end result
[0m20:51:54.606738 [debug] [MainThread]: Wrote artifact WritableManifest to D:\Demo\ducks-etl-pipeline\dbt_demo_project\target\manifest.json
[0m20:51:54.609775 [debug] [MainThread]: Wrote artifact SemanticManifest to D:\Demo\ducks-etl-pipeline\dbt_demo_project\target\semantic_manifest.json
[0m20:51:54.622256 [debug] [MainThread]: Wrote artifact RunExecutionResult to D:\Demo\ducks-etl-pipeline\dbt_demo_project\target\run_results.json
[0m20:51:54.623257 [info ] [MainThread]: 
[0m20:51:54.623920 [info ] [MainThread]: [32mCompleted successfully[0m
[0m20:51:54.624991 [info ] [MainThread]: 
[0m20:51:54.625933 [info ] [MainThread]: Done. PASS=2 WARN=0 ERROR=0 SKIP=0 NO-OP=0 TOTAL=2
[0m20:51:54.627929 [debug] [MainThread]: Command `dbt run` succeeded at 20:51:54.627929 after 9.32 seconds
[0m20:51:54.627929 [debug] [MainThread]: Sending event: {'category': 'dbt', 'action': 'invocation', 'label': 'end', 'context': [<snowplow_tracker.self_describing_json.SelfDescribingJson object at 0x0000023D5ADFBAF0>, <snowplow_tracker.self_describing_json.SelfDescribingJson object at 0x0000023D6EC32FE0>, <snowplow_tracker.self_describing_json.SelfDescribingJson object at 0x0000023D5B17AA10>]}
[0m20:51:54.628963 [debug] [MainThread]: Flushing usage events
[0m20:51:55.032445 [debug] [MainThread]: An error was encountered while trying to flush usage events
[0m20:52:11.306443 [debug] [MainThread]: Sending event: {'category': 'dbt', 'action': 'invocation', 'label': 'start', 'context': [<snowplow_tracker.self_describing_json.SelfDescribingJson object at 0x000001D60AA53B80>, <snowplow_tracker.self_describing_json.SelfDescribingJson object at 0x000001D60BE33B80>, <snowplow_tracker.self_describing_json.SelfDescribingJson object at 0x000001D60BE33EB0>]}


============================== 20:52:11.310466 | 88deb987-9641-4c67-9509-8465fb19edad ==============================
[0m20:52:11.310466 [info ] [MainThread]: Running with dbt=1.11.8
[0m20:52:11.311466 [debug] [MainThread]: running dbt with arguments {'static_parser': 'True', 'no_print': 'None', 'version_check': 'True', 'warn_error_options': 'WarnErrorOptionsV2(error=[], warn=[], silence=[])', 'target_path': 'None', 'printer_width': '80', 'write_json': 'True', 'introspect': 'True', 'log_cache_events': 'False', 'empty': 'None', 'cache_selected_only': 'False', 'fail_fast': 'False', 'debug': 'False', 'log_format': 'default', 'profiles_dir': 'C:\\Users\\Ravi\\.dbt', 'send_anonymous_usage_stats': 'True', 'quiet': 'False', 'warn_error': 'None', 'partial_parse': 'True', 'use_colors': 'True', 'invocation_command': 'dbt test', 'indirect_selection': 'eager', 'use_experimental_parser': 'False', 'log_path': 'D:\\Demo\\ducks-etl-pipeline\\dbt_demo_project\\logs'}
[0m20:52:12.794966 [debug] [MainThread]: Sending event: {'category': 'dbt', 'action': 'project_id', 'label': '88deb987-9641-4c67-9509-8465fb19edad', 'context': [<snowplow_tracker.self_describing_json.SelfDescribingJson object at 0x000001D60862C610>]}
[0m20:52:12.886593 [debug] [MainThread]: Sending event: {'category': 'dbt', 'action': 'adapter_info', 'label': '88deb987-9641-4c67-9509-8465fb19edad', 'context': [<snowplow_tracker.self_describing_json.SelfDescribingJson object at 0x000001D60BC013C0>]}
[0m20:52:12.887596 [info ] [MainThread]: Registered adapter: bigquery=1.11.1
[0m20:52:13.714599 [debug] [MainThread]: checksum: 7d524ac048c2100769df89d592e662e060a73ca564e31bd9c2a37efdfe8d8ab6, vars: {}, profile: , target: , version: 1.11.8
[0m20:52:14.054162 [debug] [MainThread]: Partial parsing enabled: 0 files deleted, 0 files added, 0 files changed.
[0m20:52:14.055163 [debug] [MainThread]: Nothing changed, skipping partial parsing.
[0m20:52:14.056162 [debug] [MainThread]: Partial parsing enabled, no changes found, skipping parsing
[0m20:52:14.070167 [warn ] [MainThread]: [[33mWARNING[0m]: Configuration paths exist in your dbt_project.yml file which do not apply to any resources.
There are 1 unused configuration paths:
- models.dbt_demo_project.example
[0m20:52:14.165695 [debug] [MainThread]: Sending event: {'category': 'dbt', 'action': 'load_project', 'label': '88deb987-9641-4c67-9509-8465fb19edad', 'context': [<snowplow_tracker.self_describing_json.SelfDescribingJson object at 0x000001D61E5C0310>]}
[0m20:52:14.351746 [debug] [MainThread]: Wrote artifact WritableManifest to D:\Demo\ducks-etl-pipeline\dbt_demo_project\target\manifest.json
[0m20:52:14.355748 [debug] [MainThread]: Wrote artifact SemanticManifest to D:\Demo\ducks-etl-pipeline\dbt_demo_project\target\semantic_manifest.json
[0m20:52:14.388275 [debug] [MainThread]: Sending event: {'category': 'dbt', 'action': 'resource_counts', 'label': '88deb987-9641-4c67-9509-8465fb19edad', 'context': [<snowplow_tracker.self_describing_json.SelfDescribingJson object at 0x000001D61E57BB80>]}
[0m20:52:14.389273 [info ] [MainThread]: Found 2 models, 4 data tests, 539 macros
[0m20:52:14.390272 [debug] [MainThread]: Sending event: {'category': 'dbt', 'action': 'runnable_timing', 'label': '88deb987-9641-4c67-9509-8465fb19edad', 'context': [<snowplow_tracker.self_describing_json.SelfDescribingJson object at 0x000001D61C9F7C70>]}
[0m20:52:14.393271 [info ] [MainThread]: 
[0m20:52:14.394277 [info ] [MainThread]: Concurrency: 4 threads (target='dev')
[0m20:52:14.395274 [info ] [MainThread]: 
[0m20:52:14.396279 [debug] [MainThread]: Acquiring new bigquery connection 'master'
[0m20:52:14.406274 [debug] [ThreadPool]: Acquiring new bigquery connection 'list_ducks-etl-project_ducks_dataset'
[0m20:52:14.408290 [debug] [ThreadPool]: Opening a new connection, currently in state init
[0m20:52:14.729901 [debug] [MainThread]: Sending event: {'category': 'dbt', 'action': 'runnable_timing', 'label': '88deb987-9641-4c67-9509-8465fb19edad', 'context': [<snowplow_tracker.self_describing_json.SelfDescribingJson object at 0x000001D61CEB5330>]}
[0m20:52:14.730930 [debug] [MainThread]: Opening a new connection, currently in state init
[0m20:52:14.776912 [debug] [Thread-1 (]: Began running node test.dbt_demo_project.not_null_stg_chapters_chapter_id.672dd4f425
[0m20:52:14.776912 [debug] [Thread-2 (]: Began running node test.dbt_demo_project.not_null_stg_chapters_city.ff69a60ef7
[0m20:52:14.777950 [debug] [Thread-3 (]: Began running node test.dbt_demo_project.not_null_stg_chapters_state.77ab3f4a9f
[0m20:52:14.778946 [debug] [Thread-4 (]: Began running node test.dbt_demo_project.unique_stg_chapters_chapter_id.5f989c8aa3
[0m20:52:14.778946 [info ] [Thread-1 (]: 1 of 4 START test not_null_stg_chapters_chapter_id ............................. [RUN]
[0m20:52:14.780912 [info ] [Thread-2 (]: 2 of 4 START test not_null_stg_chapters_city ................................... [RUN]
[0m20:52:14.780912 [info ] [Thread-3 (]: 3 of 4 START test not_null_stg_chapters_state .................................. [RUN]
[0m20:52:14.782424 [info ] [Thread-4 (]: 4 of 4 START test unique_stg_chapters_chapter_id ............................... [RUN]
[0m20:52:14.783438 [debug] [Thread-1 (]: Acquiring new bigquery connection 'test.dbt_demo_project.not_null_stg_chapters_chapter_id.672dd4f425'
[0m20:52:14.785436 [debug] [Thread-2 (]: Acquiring new bigquery connection 'test.dbt_demo_project.not_null_stg_chapters_city.ff69a60ef7'
[0m20:52:14.786435 [debug] [Thread-3 (]: Acquiring new bigquery connection 'test.dbt_demo_project.not_null_stg_chapters_state.77ab3f4a9f'
[0m20:52:14.787436 [debug] [Thread-4 (]: Acquiring new bigquery connection 'test.dbt_demo_project.unique_stg_chapters_chapter_id.5f989c8aa3'
[0m20:52:14.787436 [debug] [Thread-1 (]: Began compiling node test.dbt_demo_project.not_null_stg_chapters_chapter_id.672dd4f425
[0m20:52:14.788435 [debug] [Thread-2 (]: Began compiling node test.dbt_demo_project.not_null_stg_chapters_city.ff69a60ef7
[0m20:52:14.789436 [debug] [Thread-3 (]: Began compiling node test.dbt_demo_project.not_null_stg_chapters_state.77ab3f4a9f
[0m20:52:14.790437 [debug] [Thread-4 (]: Began compiling node test.dbt_demo_project.unique_stg_chapters_chapter_id.5f989c8aa3
[0m20:52:14.826438 [debug] [Thread-1 (]: Writing injected SQL for node "test.dbt_demo_project.not_null_stg_chapters_chapter_id.672dd4f425"
[0m20:52:14.833432 [debug] [Thread-2 (]: Writing injected SQL for node "test.dbt_demo_project.not_null_stg_chapters_city.ff69a60ef7"
[0m20:52:14.841470 [debug] [Thread-3 (]: Writing injected SQL for node "test.dbt_demo_project.not_null_stg_chapters_state.77ab3f4a9f"
[0m20:52:14.851472 [debug] [Thread-4 (]: Writing injected SQL for node "test.dbt_demo_project.unique_stg_chapters_chapter_id.5f989c8aa3"
[0m20:52:14.853436 [debug] [Thread-1 (]: Began executing node test.dbt_demo_project.not_null_stg_chapters_chapter_id.672dd4f425
[0m20:52:14.854437 [debug] [Thread-2 (]: Began executing node test.dbt_demo_project.not_null_stg_chapters_city.ff69a60ef7
[0m20:52:14.855431 [debug] [Thread-3 (]: Began executing node test.dbt_demo_project.not_null_stg_chapters_state.77ab3f4a9f
[0m20:52:14.885971 [debug] [Thread-1 (]: Writing runtime sql for node "test.dbt_demo_project.not_null_stg_chapters_chapter_id.672dd4f425"
[0m20:52:14.890971 [debug] [Thread-2 (]: Writing runtime sql for node "test.dbt_demo_project.not_null_stg_chapters_city.ff69a60ef7"
[0m20:52:14.891971 [debug] [Thread-4 (]: Began executing node test.dbt_demo_project.unique_stg_chapters_chapter_id.5f989c8aa3
[0m20:52:14.895971 [debug] [Thread-3 (]: Writing runtime sql for node "test.dbt_demo_project.not_null_stg_chapters_state.77ab3f4a9f"
[0m20:52:14.902971 [debug] [Thread-4 (]: Writing runtime sql for node "test.dbt_demo_project.unique_stg_chapters_chapter_id.5f989c8aa3"
[0m20:52:14.903970 [debug] [Thread-1 (]: On test.dbt_demo_project.not_null_stg_chapters_chapter_id.672dd4f425: /* {"app": "dbt", "dbt_version": "1.11.8", "profile_name": "dbt_demo_project", "target_name": "dev", "node_id": "test.dbt_demo_project.not_null_stg_chapters_chapter_id.672dd4f425"} */

    
    select
      count(*) as failures,
      count(*) != 0 as should_warn,
      count(*) != 0 as should_error
    from (
      
    
  
    
    



select chapter_id
from `ducks-etl-project`.`ducks_dataset`.`stg_chapters`
where chapter_id is null



  
  
      
    ) dbt_internal_test
[0m20:52:14.904971 [debug] [Thread-2 (]: On test.dbt_demo_project.not_null_stg_chapters_city.ff69a60ef7: /* {"app": "dbt", "dbt_version": "1.11.8", "profile_name": "dbt_demo_project", "target_name": "dev", "node_id": "test.dbt_demo_project.not_null_stg_chapters_city.ff69a60ef7"} */

    
    select
      count(*) as failures,
      count(*) != 0 as should_warn,
      count(*) != 0 as should_error
    from (
      
    
  
    
    



select city
from `ducks-etl-project`.`ducks_dataset`.`stg_chapters`
where city is null



  
  
      
    ) dbt_internal_test
[0m20:52:14.906973 [debug] [Thread-1 (]: Opening a new connection, currently in state init
[0m20:52:14.907971 [debug] [Thread-3 (]: On test.dbt_demo_project.not_null_stg_chapters_state.77ab3f4a9f: /* {"app": "dbt", "dbt_version": "1.11.8", "profile_name": "dbt_demo_project", "target_name": "dev", "node_id": "test.dbt_demo_project.not_null_stg_chapters_state.77ab3f4a9f"} */

    
    select
      count(*) as failures,
      count(*) != 0 as should_warn,
      count(*) != 0 as should_error
    from (
      
    
  
    
    



select state
from `ducks-etl-project`.`ducks_dataset`.`stg_chapters`
where state is null



  
  
      
    ) dbt_internal_test
[0m20:52:14.908972 [debug] [Thread-4 (]: On test.dbt_demo_project.unique_stg_chapters_chapter_id.5f989c8aa3: /* {"app": "dbt", "dbt_version": "1.11.8", "profile_name": "dbt_demo_project", "target_name": "dev", "node_id": "test.dbt_demo_project.unique_stg_chapters_chapter_id.5f989c8aa3"} */

    
    select
      count(*) as failures,
      count(*) != 0 as should_warn,
      count(*) != 0 as should_error
    from (
      
    
  
    
    

with dbt_test__target as (

  select chapter_id as unique_field
  from `ducks-etl-project`.`ducks_dataset`.`stg_chapters`
  where chapter_id is not null

)

select
    unique_field,
    count(*) as n_records

from dbt_test__target
group by unique_field
having count(*) > 1



  
  
      
    ) dbt_internal_test
[0m20:52:14.908972 [debug] [Thread-2 (]: Opening a new connection, currently in state init
[0m20:52:15.027506 [debug] [Thread-3 (]: Opening a new connection, currently in state init
[0m20:52:15.032505 [debug] [Thread-4 (]: Opening a new connection, currently in state init
[0m20:52:15.937168 [debug] [Thread-1 (]: BigQuery adapter: https://console.cloud.google.com/bigquery?project=ducks-etl-project&j=bq:europe-west2:e08f1116-5e0b-4850-af4d-d910f77d5761&page=queryresults
[0m20:52:15.939089 [debug] [Thread-2 (]: BigQuery adapter: https://console.cloud.google.com/bigquery?project=ducks-etl-project&j=bq:europe-west2:137d5cdd-202c-4219-9e2b-d4f09b975f21&page=queryresults
[0m20:52:16.070572 [debug] [Thread-1 (]: SQL status: OK in 0.131 seconds
[0m20:52:16.088608 [debug] [Thread-2 (]: SQL status: OK in 0.147 seconds
[0m20:52:16.305391 [debug] [Thread-4 (]: BigQuery adapter: https://console.cloud.google.com/bigquery?project=ducks-etl-project&j=bq:europe-west2:fab97654-f2d8-4a17-9f32-9018494c61cd&page=queryresults
[0m20:52:16.442816 [debug] [Thread-4 (]: SQL status: OK in 0.137 seconds
[0m20:52:16.441855 [info ] [Thread-2 (]: 2 of 4 PASS not_null_stg_chapters_city ......................................... [[32mPASS[0m in 1.66s]
[0m20:52:16.449816 [debug] [Thread-2 (]: Finished running node test.dbt_demo_project.not_null_stg_chapters_city.ff69a60ef7
[0m20:52:16.448854 [info ] [Thread-1 (]: 1 of 4 PASS not_null_stg_chapters_chapter_id ................................... [[32mPASS[0m in 1.67s]
[0m20:52:16.451818 [debug] [Thread-1 (]: Finished running node test.dbt_demo_project.not_null_stg_chapters_chapter_id.672dd4f425
[0m20:52:16.478668 [debug] [Thread-3 (]: BigQuery adapter: https://console.cloud.google.com/bigquery?project=ducks-etl-project&j=bq:europe-west2:a61535d1-c374-4d83-bb5b-ee6f6b7c6ec1&page=queryresults
[0m20:52:16.570381 [debug] [Thread-3 (]: SQL status: OK in 0.090 seconds
[0m20:52:16.699374 [info ] [Thread-4 (]: 4 of 4 PASS unique_stg_chapters_chapter_id ..................................... [[32mPASS[0m in 1.91s]
[0m20:52:16.701372 [debug] [Thread-4 (]: Finished running node test.dbt_demo_project.unique_stg_chapters_chapter_id.5f989c8aa3
[0m20:52:16.844455 [info ] [Thread-3 (]: 3 of 4 PASS not_null_stg_chapters_state ........................................ [[32mPASS[0m in 2.06s]
[0m20:52:16.846494 [debug] [Thread-3 (]: Finished running node test.dbt_demo_project.not_null_stg_chapters_state.77ab3f4a9f
[0m20:52:16.848464 [debug] [MainThread]: Opening a new connection, currently in state closed
[0m20:52:16.885493 [debug] [MainThread]: Connection 'master' was properly closed.
[0m20:52:16.886497 [debug] [MainThread]: Connection 'list_ducks-etl-project_ducks_dataset' was properly closed.
[0m20:52:16.886497 [debug] [MainThread]: Connection 'test.dbt_demo_project.not_null_stg_chapters_chapter_id.672dd4f425' was properly closed.
[0m20:52:16.887494 [debug] [MainThread]: Connection 'test.dbt_demo_project.not_null_stg_chapters_city.ff69a60ef7' was properly closed.
[0m20:52:16.887494 [debug] [MainThread]: Connection 'test.dbt_demo_project.not_null_stg_chapters_state.77ab3f4a9f' was properly closed.
[0m20:52:16.888499 [debug] [MainThread]: Connection 'test.dbt_demo_project.unique_stg_chapters_chapter_id.5f989c8aa3' was properly closed.
[0m20:52:16.889486 [info ] [MainThread]: 
[0m20:52:16.890456 [info ] [MainThread]: Finished running 4 data tests in 0 hours 0 minutes and 2.49 seconds (2.49s).
[0m20:52:16.892502 [debug] [MainThread]: Command end result
[0m20:52:16.936018 [debug] [MainThread]: Wrote artifact WritableManifest to D:\Demo\ducks-etl-pipeline\dbt_demo_project\target\manifest.json
[0m20:52:16.939012 [debug] [MainThread]: Wrote artifact SemanticManifest to D:\Demo\ducks-etl-pipeline\dbt_demo_project\target\semantic_manifest.json
[0m20:52:16.956004 [debug] [MainThread]: Wrote artifact RunExecutionResult to D:\Demo\ducks-etl-pipeline\dbt_demo_project\target\run_results.json
[0m20:52:16.956004 [info ] [MainThread]: 
[0m20:52:16.957013 [info ] [MainThread]: [32mCompleted successfully[0m
[0m20:52:16.958033 [info ] [MainThread]: 
[0m20:52:16.959011 [info ] [MainThread]: Done. PASS=4 WARN=0 ERROR=0 SKIP=0 NO-OP=0 TOTAL=4
[0m20:52:16.960976 [debug] [MainThread]: Command `dbt test` succeeded at 20:52:16.960976 after 5.85 seconds
[0m20:52:16.962013 [debug] [MainThread]: Sending event: {'category': 'dbt', 'action': 'invocation', 'label': 'end', 'context': [<snowplow_tracker.self_describing_json.SelfDescribingJson object at 0x000001D60AA53B80>, <snowplow_tracker.self_describing_json.SelfDescribingJson object at 0x000001D60ADDA1D0>, <snowplow_tracker.self_describing_json.SelfDescribingJson object at 0x000001D61E627730>]}
[0m20:52:16.962013 [debug] [MainThread]: Flushing usage events
[0m20:52:17.375762 [debug] [MainThread]: An error was encountered while trying to flush usage events
